ERROR - 2022-12-31 13:58:50 --> Email: Unable to send email using SMTP. Your server might not be configured to send mail using this method.
ERROR - 2022-12-31 13:58:50 --> 220 SG ESMTP service ready at geopod-ismtpd-6-2

hello: 250-smtp.sendgrid.net
250-8BITMIME
250-PIPELINING
250-SIZE 31457280
250-STARTTLS
250-AUTH PLAIN LOGIN
250 AUTH=PLAIN LOGIN

starttls: 220 Begin TLS negotiation now

hello: 250-smtp.sendgrid.net
250-8BITMIME
250-PIPELINING
250-SIZE 31457280
250-STARTTLS
250-AUTH PLAIN LOGIN
250 AUTH=PLAIN LOGIN

from: 250 Sender address accepted

to: 250 Recipient address accepted

data: 354 Continue

550 The from address does not match a verified Sender Identity. Mail cannot be sent until this error is resolved. Visit https://sendgrid.com/docs/for-developers/sending-email/sender-identity/ to see the Sender Identity requirements

quit: 221 See you later

The following SMTP error was encountered: 550 The from address does not match a verified Sender Identity. Mail cannot be sent until this error is resolved. Visit https://sendgrid.com/docs/for-developers/sending-email/sender-identity/ to see the Sender Identity requirements

ERROR - 2022-12-31 14:00:05 --> Email: Unable to send email using SMTP. Your server might not be configured to send mail using this method.
ERROR - 2022-12-31 14:00:05 --> 220 SG ESMTP service ready at geopod-ismtpd-2-1

hello: 250-smtp.sendgrid.net
250-8BITMIME
250-PIPELINING
250-SIZE 31457280
250-STARTTLS
250-AUTH PLAIN LOGIN
250 AUTH=PLAIN LOGIN

starttls: 220 Begin TLS negotiation now

hello: 250-smtp.sendgrid.net
250-8BITMIME
250-PIPELINING
250-SIZE 31457280
250-STARTTLS
250-AUTH PLAIN LOGIN
250 AUTH=PLAIN LOGIN

Failed to authenticate password. Error: 535 Authentication failed: Bad username / password

