CRITICAL - 2022-12-07 09:12:15 --> Class "Firebase\JWT\JWT" not found
in APPPATH\Controllers\Home.php on line 8.
 1 SYSTEMPATH\CodeIgniter.php(927): App\Controllers\Home->index()
 2 SYSTEMPATH\CodeIgniter.php(482): CodeIgniter\CodeIgniter->runController(Object(App\Controllers\Home))
 3 SYSTEMPATH\CodeIgniter.php(351): CodeIgniter\CodeIgniter->handleRequest(null, Object(Config\Cache), false)
 4 FCPATH\index.php(67): CodeIgniter\CodeIgniter->run()
 5 SYSTEMPATH\Commands\Server\rewrite.php(46): require_once('FCPATH\\index.php')
CRITICAL - 2022-12-07 09:12:30 --> Class "Firebase\JWT\JWT" not found
in APPPATH\Controllers\Home.php on line 8.
 1 SYSTEMPATH\CodeIgniter.php(927): App\Controllers\Home->index()
 2 SYSTEMPATH\CodeIgniter.php(482): CodeIgniter\CodeIgniter->runController(Object(App\Controllers\Home))
 3 SYSTEMPATH\CodeIgniter.php(351): CodeIgniter\CodeIgniter->handleRequest(null, Object(Config\Cache), false)
 4 FCPATH\index.php(67): CodeIgniter\CodeIgniter->run()
 5 SYSTEMPATH\Commands\Server\rewrite.php(46): require_once('FCPATH\\index.php')
CRITICAL - 2022-12-07 09:12:31 --> Class "Firebase\JWT\JWT" not found
in APPPATH\Controllers\Home.php on line 8.
 1 SYSTEMPATH\CodeIgniter.php(927): App\Controllers\Home->index()
 2 SYSTEMPATH\CodeIgniter.php(482): CodeIgniter\CodeIgniter->runController(Object(App\Controllers\Home))
 3 SYSTEMPATH\CodeIgniter.php(351): CodeIgniter\CodeIgniter->handleRequest(null, Object(Config\Cache), false)
 4 FCPATH\index.php(67): CodeIgniter\CodeIgniter->run()
 5 SYSTEMPATH\Commands\Server\rewrite.php(46): require_once('FCPATH\\index.php')
ERROR - 2022-12-07 09:52:40 --> Error connecting to the database: mysqli_sql_exception: Access denied for user ''@'localhost' (using password: NO) in C:\Users\BadAss\Documents\WebDev\Projects\InDevelopment\unbornkay\backend\buildfiles\system\Database\MySQLi\Connection.php:171
Stack trace:
#0 C:\Users\BadAss\Documents\WebDev\Projects\InDevelopment\unbornkay\backend\buildfiles\system\Database\MySQLi\Connection.php(171): mysqli->real_connect('localhost', '', '', '', 3306, '', 0)
#1 C:\Users\BadAss\Documents\WebDev\Projects\InDevelopment\unbornkay\backend\buildfiles\system\Database\BaseConnection.php(382): CodeIgniter\Database\MySQLi\Connection->connect(false)
#2 C:\Users\BadAss\Documents\WebDev\Projects\InDevelopment\unbornkay\backend\buildfiles\system\Database\BaseConnection.php(561): CodeIgniter\Database\BaseConnection->initialize()
#3 C:\Users\BadAss\Documents\WebDev\Projects\InDevelopment\unbornkay\backend\buildfiles\system\Database\BaseBuilder.php(1585): CodeIgniter\Database\BaseConnection->query('SELECT 1\nFROM `...', Array, false)
#4 C:\Users\BadAss\Documents\WebDev\Projects\InDevelopment\unbornkay\backend\buildfiles\system\Validation\Rules.php(142): CodeIgniter\Database\BaseBuilder->get()
#5 C:\Users\BadAss\Documents\WebDev\Projects\InDevelopment\unbornkay\backend\buildfiles\system\Validation\Validation.php(315): CodeIgniter\Validation\Rules->is_unique('user@gmail.com', 'email', Array, NULL, 'email')
#6 C:\Users\BadAss\Documents\WebDev\Projects\InDevelopment\unbornkay\backend\buildfiles\system\Validation\Validation.php(175): CodeIgniter\Validation\Validation->processRules('email', 'email', 'user@gmail.com', Array, Array)
#7 C:\Users\BadAss\Documents\WebDev\Projects\InDevelopment\unbornkay\backend\buildfiles\system\Controller.php(140): CodeIgniter\Validation\Validation->run()
#8 C:\Users\BadAss\Documents\WebDev\Projects\InDevelopment\unbornkay\backend\buildfiles\app\Controllers\Auth.php(36): CodeIgniter\Controller->validate(Array)
#9 C:\Users\BadAss\Documents\WebDev\Projects\InDevelopment\unbornkay\backend\buildfiles\system\CodeIgniter.php(927): App\Controllers\Auth->signin()
#10 C:\Users\BadAss\Documents\WebDev\Projects\InDevelopment\unbornkay\backend\buildfiles\system\CodeIgniter.php(482): CodeIgniter\CodeIgniter->runController(Object(App\Controllers\Auth))
#11 C:\Users\BadAss\Documents\WebDev\Projects\InDevelopment\unbornkay\backend\buildfiles\system\CodeIgniter.php(351): CodeIgniter\CodeIgniter->handleRequest(NULL, Object(Config\Cache), false)
#12 C:\Users\BadAss\Documents\WebDev\Projects\InDevelopment\unbornkay\backend\index.php(67): CodeIgniter\CodeIgniter->run()
#13 C:\Users\BadAss\Documents\WebDev\Projects\InDevelopment\unbornkay\backend\buildfiles\system\Commands\Server\rewrite.php(46): require_once('C:\\Users\\BadAss...')
#14 {main}

Next CodeIgniter\Database\Exceptions\DatabaseException: Access denied for user ''@'localhost' (using password: NO) in C:\Users\BadAss\Documents\WebDev\Projects\InDevelopment\unbornkay\backend\buildfiles\system\Database\MySQLi\Connection.php:215
Stack trace:
#0 C:\Users\BadAss\Documents\WebDev\Projects\InDevelopment\unbornkay\backend\buildfiles\system\Database\BaseConnection.php(382): CodeIgniter\Database\MySQLi\Connection->connect(false)
#1 C:\Users\BadAss\Documents\WebDev\Projects\InDevelopment\unbornkay\backend\buildfiles\system\Database\BaseConnection.php(561): CodeIgniter\Database\BaseConnection->initialize()
#2 C:\Users\BadAss\Documents\WebDev\Projects\InDevelopment\unbornkay\backend\buildfiles\system\Database\BaseBuilder.php(1585): CodeIgniter\Database\BaseConnection->query('SELECT 1\nFROM `...', Array, false)
#3 C:\Users\BadAss\Documents\WebDev\Projects\InDevelopment\unbornkay\backend\buildfiles\system\Validation\Rules.php(142): CodeIgniter\Database\BaseBuilder->get()
#4 C:\Users\BadAss\Documents\WebDev\Projects\InDevelopment\unbornkay\backend\buildfiles\system\Validation\Validation.php(315): CodeIgniter\Validation\Rules->is_unique('user@gmail.com', 'email', Array, NULL, 'email')
#5 C:\Users\BadAss\Documents\WebDev\Projects\InDevelopment\unbornkay\backend\buildfiles\system\Validation\Validation.php(175): CodeIgniter\Validation\Validation->processRules('email', 'email', 'user@gmail.com', Array, Array)
#6 C:\Users\BadAss\Documents\WebDev\Projects\InDevelopment\unbornkay\backend\buildfiles\system\Controller.php(140): CodeIgniter\Validation\Validation->run()
#7 C:\Users\BadAss\Documents\WebDev\Projects\InDevelopment\unbornkay\backend\buildfiles\app\Controllers\Auth.php(36): CodeIgniter\Controller->validate(Array)
#8 C:\Users\BadAss\Documents\WebDev\Projects\InDevelopment\unbornkay\backend\buildfiles\system\CodeIgniter.php(927): App\Controllers\Auth->signin()
#9 C:\Users\BadAss\Documents\WebDev\Projects\InDevelopment\unbornkay\backend\buildfiles\system\CodeIgniter.php(482): CodeIgniter\CodeIgniter->runController(Object(App\Controllers\Auth))
#10 C:\Users\BadAss\Documents\WebDev\Projects\InDevelopment\unbornkay\backend\buildfiles\system\CodeIgniter.php(351): CodeIgniter\CodeIgniter->handleRequest(NULL, Object(Config\Cache), false)
#11 C:\Users\BadAss\Documents\WebDev\Projects\InDevelopment\unbornkay\backend\index.php(67): CodeIgniter\CodeIgniter->run()
#12 C:\Users\BadAss\Documents\WebDev\Projects\InDevelopment\unbornkay\backend\buildfiles\system\Commands\Server\rewrite.php(46): require_once('C:\\Users\\BadAss...')
#13 {main}
CRITICAL - 2022-12-07 09:52:40 --> Unable to connect to the database.
Main connection [MySQLi]: Access denied for user ''@'localhost' (using password: NO)
in SYSTEMPATH\Database\BaseConnection.php on line 418.
 1 SYSTEMPATH\Database\BaseConnection.php(561): CodeIgniter\Database\BaseConnection->initialize()
 2 SYSTEMPATH\Database\BaseBuilder.php(1585): CodeIgniter\Database\BaseConnection->query('SELECT 1
FROM `accounts`
WHERE `email` = :email:
 LIMIT 1', [...], false)
 3 SYSTEMPATH\Validation\Rules.php(142): CodeIgniter\Database\BaseBuilder->get()
 4 SYSTEMPATH\Validation\Validation.php(315): CodeIgniter\Validation\Rules->is_unique('user@gmail.com', 'email', [...], null, 'email')
 5 SYSTEMPATH\Validation\Validation.php(175): CodeIgniter\Validation\Validation->processRules('email', 'email', 'user@gmail.com', [...], [...])
 6 SYSTEMPATH\Controller.php(140): CodeIgniter\Validation\Validation->run()
 7 APPPATH\Controllers\Auth.php(36): CodeIgniter\Controller->validate([...])
 8 SYSTEMPATH\CodeIgniter.php(927): App\Controllers\Auth->signin()
 9 SYSTEMPATH\CodeIgniter.php(482): CodeIgniter\CodeIgniter->runController(Object(App\Controllers\Auth))
10 SYSTEMPATH\CodeIgniter.php(351): CodeIgniter\CodeIgniter->handleRequest(null, Object(Config\Cache), false)
11 FCPATH\index.php(67): CodeIgniter\CodeIgniter->run()
12 SYSTEMPATH\Commands\Server\rewrite.php(46): require_once('FCPATH\\index.php')
ERROR - 2022-12-07 09:53:18 --> mysqli_sql_exception: Unknown column 'email' in 'where clause' in C:\Users\BadAss\Documents\WebDev\Projects\InDevelopment\unbornkay\backend\buildfiles\system\Database\MySQLi\Connection.php:292
Stack trace:
#0 C:\Users\BadAss\Documents\WebDev\Projects\InDevelopment\unbornkay\backend\buildfiles\system\Database\MySQLi\Connection.php(292): mysqli->query('SELECT 1\nFROM `...', 0)
#1 C:\Users\BadAss\Documents\WebDev\Projects\InDevelopment\unbornkay\backend\buildfiles\system\Database\BaseConnection.php(666): CodeIgniter\Database\MySQLi\Connection->execute('SELECT 1\nFROM `...')
#2 C:\Users\BadAss\Documents\WebDev\Projects\InDevelopment\unbornkay\backend\buildfiles\system\Database\BaseConnection.php(593): CodeIgniter\Database\BaseConnection->simpleQuery('SELECT 1\nFROM `...')
#3 C:\Users\BadAss\Documents\WebDev\Projects\InDevelopment\unbornkay\backend\buildfiles\system\Database\BaseBuilder.php(1585): CodeIgniter\Database\BaseConnection->query('SELECT 1\nFROM `...', Array, false)
#4 C:\Users\BadAss\Documents\WebDev\Projects\InDevelopment\unbornkay\backend\buildfiles\system\Validation\Rules.php(142): CodeIgniter\Database\BaseBuilder->get()
#5 C:\Users\BadAss\Documents\WebDev\Projects\InDevelopment\unbornkay\backend\buildfiles\system\Validation\Validation.php(315): CodeIgniter\Validation\Rules->is_unique('user@gmail.com', 'email', Array, NULL, 'email')
#6 C:\Users\BadAss\Documents\WebDev\Projects\InDevelopment\unbornkay\backend\buildfiles\system\Validation\Validation.php(175): CodeIgniter\Validation\Validation->processRules('email', 'email', 'user@gmail.com', Array, Array)
#7 C:\Users\BadAss\Documents\WebDev\Projects\InDevelopment\unbornkay\backend\buildfiles\system\Controller.php(140): CodeIgniter\Validation\Validation->run()
#8 C:\Users\BadAss\Documents\WebDev\Projects\InDevelopment\unbornkay\backend\buildfiles\app\Controllers\Auth.php(36): CodeIgniter\Controller->validate(Array)
#9 C:\Users\BadAss\Documents\WebDev\Projects\InDevelopment\unbornkay\backend\buildfiles\system\CodeIgniter.php(927): App\Controllers\Auth->signin()
#10 C:\Users\BadAss\Documents\WebDev\Projects\InDevelopment\unbornkay\backend\buildfiles\system\CodeIgniter.php(482): CodeIgniter\CodeIgniter->runController(Object(App\Controllers\Auth))
#11 C:\Users\BadAss\Documents\WebDev\Projects\InDevelopment\unbornkay\backend\buildfiles\system\CodeIgniter.php(351): CodeIgniter\CodeIgniter->handleRequest(NULL, Object(Config\Cache), false)
#12 C:\Users\BadAss\Documents\WebDev\Projects\InDevelopment\unbornkay\backend\index.php(67): CodeIgniter\CodeIgniter->run()
#13 C:\Users\BadAss\Documents\WebDev\Projects\InDevelopment\unbornkay\backend\buildfiles\system\Commands\Server\rewrite.php(46): require_once('C:\\Users\\BadAss...')
#14 {main}
CRITICAL - 2022-12-07 09:53:18 --> Unknown column 'email' in 'where clause'
in SYSTEMPATH\Database\MySQLi\Connection.php on line 292.
 1 SYSTEMPATH\Database\MySQLi\Connection.php(292): mysqli->query('SELECT 1
FROM `accounts`
WHERE `email` = \'user@gmail.com\'
 LIMIT 1', 0)
 2 SYSTEMPATH\Database\BaseConnection.php(666): CodeIgniter\Database\MySQLi\Connection->execute('SELECT 1
FROM `accounts`
WHERE `email` = \'user@gmail.com\'
 LIMIT 1')
 3 SYSTEMPATH\Database\BaseConnection.php(593): CodeIgniter\Database\BaseConnection->simpleQuery('SELECT 1
FROM `accounts`
WHERE `email` = \'user@gmail.com\'
 LIMIT 1')
 4 SYSTEMPATH\Database\BaseBuilder.php(1585): CodeIgniter\Database\BaseConnection->query('SELECT 1
FROM `accounts`
WHERE `email` = :email:
 LIMIT 1', [...], false)
 5 SYSTEMPATH\Validation\Rules.php(142): CodeIgniter\Database\BaseBuilder->get()
 6 SYSTEMPATH\Validation\Validation.php(315): CodeIgniter\Validation\Rules->is_unique('user@gmail.com', 'email', [...], null, 'email')
 7 SYSTEMPATH\Validation\Validation.php(175): CodeIgniter\Validation\Validation->processRules('email', 'email', 'user@gmail.com', [...], [...])
 8 SYSTEMPATH\Controller.php(140): CodeIgniter\Validation\Validation->run()
 9 APPPATH\Controllers\Auth.php(36): CodeIgniter\Controller->validate([...])
10 SYSTEMPATH\CodeIgniter.php(927): App\Controllers\Auth->signin()
11 SYSTEMPATH\CodeIgniter.php(482): CodeIgniter\CodeIgniter->runController(Object(App\Controllers\Auth))
12 SYSTEMPATH\CodeIgniter.php(351): CodeIgniter\CodeIgniter->handleRequest(null, Object(Config\Cache), false)
13 FCPATH\index.php(67): CodeIgniter\CodeIgniter->run()
14 SYSTEMPATH\Commands\Server\rewrite.php(46): require_once('FCPATH\\index.php')
ERROR - 2022-12-07 09:54:06 --> mysqli_sql_exception: Unknown column 'email' in 'where clause' in C:\Users\BadAss\Documents\WebDev\Projects\InDevelopment\unbornkay\backend\buildfiles\system\Database\MySQLi\Connection.php:292
Stack trace:
#0 C:\Users\BadAss\Documents\WebDev\Projects\InDevelopment\unbornkay\backend\buildfiles\system\Database\MySQLi\Connection.php(292): mysqli->query('SELECT 1\nFROM `...', 0)
#1 C:\Users\BadAss\Documents\WebDev\Projects\InDevelopment\unbornkay\backend\buildfiles\system\Database\BaseConnection.php(666): CodeIgniter\Database\MySQLi\Connection->execute('SELECT 1\nFROM `...')
#2 C:\Users\BadAss\Documents\WebDev\Projects\InDevelopment\unbornkay\backend\buildfiles\system\Database\BaseConnection.php(593): CodeIgniter\Database\BaseConnection->simpleQuery('SELECT 1\nFROM `...')
#3 C:\Users\BadAss\Documents\WebDev\Projects\InDevelopment\unbornkay\backend\buildfiles\system\Database\BaseBuilder.php(1585): CodeIgniter\Database\BaseConnection->query('SELECT 1\nFROM `...', Array, false)
#4 C:\Users\BadAss\Documents\WebDev\Projects\InDevelopment\unbornkay\backend\buildfiles\system\Validation\Rules.php(142): CodeIgniter\Database\BaseBuilder->get()
#5 C:\Users\BadAss\Documents\WebDev\Projects\InDevelopment\unbornkay\backend\buildfiles\system\Validation\Validation.php(315): CodeIgniter\Validation\Rules->is_unique('user@gmail.com', 'email', Array, NULL, 'email')
#6 C:\Users\BadAss\Documents\WebDev\Projects\InDevelopment\unbornkay\backend\buildfiles\system\Validation\Validation.php(175): CodeIgniter\Validation\Validation->processRules('email', 'email', 'user@gmail.com', Array, Array)
#7 C:\Users\BadAss\Documents\WebDev\Projects\InDevelopment\unbornkay\backend\buildfiles\system\Controller.php(140): CodeIgniter\Validation\Validation->run()
#8 C:\Users\BadAss\Documents\WebDev\Projects\InDevelopment\unbornkay\backend\buildfiles\app\Controllers\Auth.php(36): CodeIgniter\Controller->validate(Array)
#9 C:\Users\BadAss\Documents\WebDev\Projects\InDevelopment\unbornkay\backend\buildfiles\system\CodeIgniter.php(927): App\Controllers\Auth->signin()
#10 C:\Users\BadAss\Documents\WebDev\Projects\InDevelopment\unbornkay\backend\buildfiles\system\CodeIgniter.php(482): CodeIgniter\CodeIgniter->runController(Object(App\Controllers\Auth))
#11 C:\Users\BadAss\Documents\WebDev\Projects\InDevelopment\unbornkay\backend\buildfiles\system\CodeIgniter.php(351): CodeIgniter\CodeIgniter->handleRequest(NULL, Object(Config\Cache), false)
#12 C:\Users\BadAss\Documents\WebDev\Projects\InDevelopment\unbornkay\backend\index.php(67): CodeIgniter\CodeIgniter->run()
#13 C:\Users\BadAss\Documents\WebDev\Projects\InDevelopment\unbornkay\backend\buildfiles\system\Commands\Server\rewrite.php(46): require_once('C:\\Users\\BadAss...')
#14 {main}
CRITICAL - 2022-12-07 09:54:06 --> Unknown column 'email' in 'where clause'
in SYSTEMPATH\Database\MySQLi\Connection.php on line 292.
 1 SYSTEMPATH\Database\MySQLi\Connection.php(292): mysqli->query('SELECT 1
FROM `accounts`
WHERE `email` = \'user@gmail.com\'
 LIMIT 1', 0)
 2 SYSTEMPATH\Database\BaseConnection.php(666): CodeIgniter\Database\MySQLi\Connection->execute('SELECT 1
FROM `accounts`
WHERE `email` = \'user@gmail.com\'
 LIMIT 1')
 3 SYSTEMPATH\Database\BaseConnection.php(593): CodeIgniter\Database\BaseConnection->simpleQuery('SELECT 1
FROM `accounts`
WHERE `email` = \'user@gmail.com\'
 LIMIT 1')
 4 SYSTEMPATH\Database\BaseBuilder.php(1585): CodeIgniter\Database\BaseConnection->query('SELECT 1
FROM `accounts`
WHERE `email` = :email:
 LIMIT 1', [...], false)
 5 SYSTEMPATH\Validation\Rules.php(142): CodeIgniter\Database\BaseBuilder->get()
 6 SYSTEMPATH\Validation\Validation.php(315): CodeIgniter\Validation\Rules->is_unique('user@gmail.com', 'email', [...], null, 'email')
 7 SYSTEMPATH\Validation\Validation.php(175): CodeIgniter\Validation\Validation->processRules('email', 'email', 'user@gmail.com', [...], [...])
 8 SYSTEMPATH\Controller.php(140): CodeIgniter\Validation\Validation->run()
 9 APPPATH\Controllers\Auth.php(36): CodeIgniter\Controller->validate([...])
10 SYSTEMPATH\CodeIgniter.php(927): App\Controllers\Auth->signin()
11 SYSTEMPATH\CodeIgniter.php(482): CodeIgniter\CodeIgniter->runController(Object(App\Controllers\Auth))
12 SYSTEMPATH\CodeIgniter.php(351): CodeIgniter\CodeIgniter->handleRequest(null, Object(Config\Cache), false)
13 FCPATH\index.php(67): CodeIgniter\CodeIgniter->run()
14 SYSTEMPATH\Commands\Server\rewrite.php(46): require_once('FCPATH\\index.php')
CRITICAL - 2022-12-07 09:55:16 --> password_verify is not a valid rule.
in SYSTEMPATH\Validation\Validation.php on line 323.
 1 SYSTEMPATH\Validation\Validation.php(323): CodeIgniter\Validation\Exceptions\ValidationException::forRuleNotFound('password_verify')
 2 SYSTEMPATH\Validation\Validation.php(175): CodeIgniter\Validation\Validation->processRules('password', 'password', 'aaaa', [...], [...])
 3 SYSTEMPATH\Controller.php(140): CodeIgniter\Validation\Validation->run()
 4 APPPATH\Controllers\Auth.php(36): CodeIgniter\Controller->validate([...])
 5 SYSTEMPATH\CodeIgniter.php(927): App\Controllers\Auth->signin()
 6 SYSTEMPATH\CodeIgniter.php(482): CodeIgniter\CodeIgniter->runController(Object(App\Controllers\Auth))
 7 SYSTEMPATH\CodeIgniter.php(351): CodeIgniter\CodeIgniter->handleRequest(null, Object(Config\Cache), false)
 8 FCPATH\index.php(67): CodeIgniter\CodeIgniter->run()
 9 SYSTEMPATH\Commands\Server\rewrite.php(46): require_once('FCPATH\\index.php')
CRITICAL - 2022-12-07 09:55:43 --> verify_password is not a valid rule.
in SYSTEMPATH\Validation\Validation.php on line 323.
 1 SYSTEMPATH\Validation\Validation.php(323): CodeIgniter\Validation\Exceptions\ValidationException::forRuleNotFound('verify_password')
 2 SYSTEMPATH\Validation\Validation.php(175): CodeIgniter\Validation\Validation->processRules('password', 'password', 'aaaa', [...], [...])
 3 SYSTEMPATH\Controller.php(140): CodeIgniter\Validation\Validation->run()
 4 APPPATH\Controllers\Auth.php(36): CodeIgniter\Controller->validate([...])
 5 SYSTEMPATH\CodeIgniter.php(927): App\Controllers\Auth->signin()
 6 SYSTEMPATH\CodeIgniter.php(482): CodeIgniter\CodeIgniter->runController(Object(App\Controllers\Auth))
 7 SYSTEMPATH\CodeIgniter.php(351): CodeIgniter\CodeIgniter->handleRequest(null, Object(Config\Cache), false)
 8 FCPATH\index.php(67): CodeIgniter\CodeIgniter->run()
 9 SYSTEMPATH\Commands\Server\rewrite.php(46): require_once('FCPATH\\index.php')
CRITICAL - 2022-12-07 09:56:35 --> verify_password is not a valid rule.
in SYSTEMPATH\Validation\Validation.php on line 323.
 1 SYSTEMPATH\Validation\Validation.php(323): CodeIgniter\Validation\Exceptions\ValidationException::forRuleNotFound('verify_password')
 2 SYSTEMPATH\Validation\Validation.php(175): CodeIgniter\Validation\Validation->processRules('password', 'password', 'aaaa', [...], [...])
 3 SYSTEMPATH\Controller.php(140): CodeIgniter\Validation\Validation->run()
 4 APPPATH\Controllers\Auth.php(36): CodeIgniter\Controller->validate([...])
 5 SYSTEMPATH\CodeIgniter.php(927): App\Controllers\Auth->signin()
 6 SYSTEMPATH\CodeIgniter.php(482): CodeIgniter\CodeIgniter->runController(Object(App\Controllers\Auth))
 7 SYSTEMPATH\CodeIgniter.php(351): CodeIgniter\CodeIgniter->handleRequest(null, Object(Config\Cache), false)
 8 FCPATH\index.php(67): CodeIgniter\CodeIgniter->run()
 9 SYSTEMPATH\Commands\Server\rewrite.php(46): require_once('FCPATH\\index.php')
CRITICAL - 2022-12-07 09:59:00 --> Call to undefined method App\Models\AccountsModel::getAccountInformation
in SYSTEMPATH\Model.php on line 774.
 1 APPPATH\Validation\Passwords.php(13): CodeIgniter\Model->__call('getAccountInformation', [...])
 2 SYSTEMPATH\Validation\Validation.php(315): App\validation\Passwords->verify_password('aaaa', 'email, password', [...], null, 'password')
 3 SYSTEMPATH\Validation\Validation.php(175): CodeIgniter\Validation\Validation->processRules('password', 'password', 'aaaa', [...], [...])
 4 SYSTEMPATH\Controller.php(140): CodeIgniter\Validation\Validation->run()
 5 APPPATH\Controllers\Auth.php(36): CodeIgniter\Controller->validate([...])
 6 SYSTEMPATH\CodeIgniter.php(927): App\Controllers\Auth->signin()
 7 SYSTEMPATH\CodeIgniter.php(482): CodeIgniter\CodeIgniter->runController(Object(App\Controllers\Auth))
 8 SYSTEMPATH\CodeIgniter.php(351): CodeIgniter\CodeIgniter->handleRequest(null, Object(Config\Cache), false)
 9 FCPATH\index.php(67): CodeIgniter\CodeIgniter->run()
10 SYSTEMPATH\Commands\Server\rewrite.php(46): require_once('FCPATH\\index.php')
ERROR - 2022-12-07 10:01:36 --> mysqli_sql_exception: Unknown column 'email' in 'where clause' in C:\Users\BadAss\Documents\WebDev\Projects\InDevelopment\unbornkay\backend\buildfiles\system\Database\MySQLi\Connection.php:292
Stack trace:
#0 C:\Users\BadAss\Documents\WebDev\Projects\InDevelopment\unbornkay\backend\buildfiles\system\Database\MySQLi\Connection.php(292): mysqli->query('SELECT *\nFROM `...', 0)
#1 C:\Users\BadAss\Documents\WebDev\Projects\InDevelopment\unbornkay\backend\buildfiles\system\Database\BaseConnection.php(666): CodeIgniter\Database\MySQLi\Connection->execute('SELECT *\nFROM `...')
#2 C:\Users\BadAss\Documents\WebDev\Projects\InDevelopment\unbornkay\backend\buildfiles\system\Database\BaseConnection.php(593): CodeIgniter\Database\BaseConnection->simpleQuery('SELECT *\nFROM `...')
#3 C:\Users\BadAss\Documents\WebDev\Projects\InDevelopment\unbornkay\backend\buildfiles\system\Database\BaseBuilder.php(1585): CodeIgniter\Database\BaseConnection->query('SELECT *\nFROM `...', Array, false)
#4 C:\Users\BadAss\Documents\WebDev\Projects\InDevelopment\unbornkay\backend\buildfiles\system\Model.php(250): CodeIgniter\Database\BaseBuilder->get()
#5 C:\Users\BadAss\Documents\WebDev\Projects\InDevelopment\unbornkay\backend\buildfiles\system\BaseModel.php(623): CodeIgniter\Model->doFirst()
#6 C:\Users\BadAss\Documents\WebDev\Projects\InDevelopment\unbornkay\backend\buildfiles\app\Models\AccountsModel.php(27): CodeIgniter\BaseModel->first()
#7 C:\Users\BadAss\Documents\WebDev\Projects\InDevelopment\unbornkay\backend\buildfiles\app\Validation\Passwords.php(13): App\Models\AccountsModel->getAccountInformation('email', 'user@gmail.com')
#8 C:\Users\BadAss\Documents\WebDev\Projects\InDevelopment\unbornkay\backend\buildfiles\system\Validation\Validation.php(315): App\validation\Passwords->verify_password('aaaa', 'email, password', Array, NULL, 'password')
#9 C:\Users\BadAss\Documents\WebDev\Projects\InDevelopment\unbornkay\backend\buildfiles\system\Validation\Validation.php(175): CodeIgniter\Validation\Validation->processRules('password', 'password', 'aaaa', Array, Array)
#10 C:\Users\BadAss\Documents\WebDev\Projects\InDevelopment\unbornkay\backend\buildfiles\system\Controller.php(140): CodeIgniter\Validation\Validation->run()
#11 C:\Users\BadAss\Documents\WebDev\Projects\InDevelopment\unbornkay\backend\buildfiles\app\Controllers\Auth.php(36): CodeIgniter\Controller->validate(Array)
#12 C:\Users\BadAss\Documents\WebDev\Projects\InDevelopment\unbornkay\backend\buildfiles\system\CodeIgniter.php(927): App\Controllers\Auth->signin()
#13 C:\Users\BadAss\Documents\WebDev\Projects\InDevelopment\unbornkay\backend\buildfiles\system\CodeIgniter.php(482): CodeIgniter\CodeIgniter->runController(Object(App\Controllers\Auth))
#14 C:\Users\BadAss\Documents\WebDev\Projects\InDevelopment\unbornkay\backend\buildfiles\system\CodeIgniter.php(351): CodeIgniter\CodeIgniter->handleRequest(NULL, Object(Config\Cache), false)
#15 C:\Users\BadAss\Documents\WebDev\Projects\InDevelopment\unbornkay\backend\index.php(67): CodeIgniter\CodeIgniter->run()
#16 C:\Users\BadAss\Documents\WebDev\Projects\InDevelopment\unbornkay\backend\buildfiles\system\Commands\Server\rewrite.php(46): require_once('C:\\Users\\BadAss...')
#17 {main}
CRITICAL - 2022-12-07 10:01:36 --> Unknown column 'email' in 'where clause'
in SYSTEMPATH\Database\MySQLi\Connection.php on line 292.
 1 SYSTEMPATH\Database\MySQLi\Connection.php(292): mysqli->query('SELECT *
FROM `accounts`
WHERE `email` = \'user@gmail.com\'
 LIMIT 1', 0)
 2 SYSTEMPATH\Database\BaseConnection.php(666): CodeIgniter\Database\MySQLi\Connection->execute('SELECT *
FROM `accounts`
WHERE `email` = \'user@gmail.com\'
 LIMIT 1')
 3 SYSTEMPATH\Database\BaseConnection.php(593): CodeIgniter\Database\BaseConnection->simpleQuery('SELECT *
FROM `accounts`
WHERE `email` = \'user@gmail.com\'
 LIMIT 1')
 4 SYSTEMPATH\Database\BaseBuilder.php(1585): CodeIgniter\Database\BaseConnection->query('SELECT *
FROM `accounts`
WHERE `email` = :email:
 LIMIT 1', [...], false)
 5 SYSTEMPATH\Model.php(250): CodeIgniter\Database\BaseBuilder->get()
 6 SYSTEMPATH\BaseModel.php(623): CodeIgniter\Model->doFirst()
 7 APPPATH\Models\AccountsModel.php(27): CodeIgniter\BaseModel->first()
 8 APPPATH\Validation\Passwords.php(13): App\Models\AccountsModel->getAccountInformation('email', 'user@gmail.com')
 9 SYSTEMPATH\Validation\Validation.php(315): App\validation\Passwords->verify_password('aaaa', 'email, password', [...], null, 'password')
10 SYSTEMPATH\Validation\Validation.php(175): CodeIgniter\Validation\Validation->processRules('password', 'password', 'aaaa', [...], [...])
11 SYSTEMPATH\Controller.php(140): CodeIgniter\Validation\Validation->run()
12 APPPATH\Controllers\Auth.php(36): CodeIgniter\Controller->validate([...])
13 SYSTEMPATH\CodeIgniter.php(927): App\Controllers\Auth->signin()
14 SYSTEMPATH\CodeIgniter.php(482): CodeIgniter\CodeIgniter->runController(Object(App\Controllers\Auth))
15 SYSTEMPATH\CodeIgniter.php(351): CodeIgniter\CodeIgniter->handleRequest(null, Object(Config\Cache), false)
16 FCPATH\index.php(67): CodeIgniter\CodeIgniter->run()
17 SYSTEMPATH\Commands\Server\rewrite.php(46): require_once('FCPATH\\index.php')
ERROR - 2022-12-07 10:02:05 --> mysqli_sql_exception: Unknown column 'email' in 'where clause' in C:\Users\BadAss\Documents\WebDev\Projects\InDevelopment\unbornkay\backend\buildfiles\system\Database\MySQLi\Connection.php:292
Stack trace:
#0 C:\Users\BadAss\Documents\WebDev\Projects\InDevelopment\unbornkay\backend\buildfiles\system\Database\MySQLi\Connection.php(292): mysqli->query('SELECT *\nFROM `...', 0)
#1 C:\Users\BadAss\Documents\WebDev\Projects\InDevelopment\unbornkay\backend\buildfiles\system\Database\BaseConnection.php(666): CodeIgniter\Database\MySQLi\Connection->execute('SELECT *\nFROM `...')
#2 C:\Users\BadAss\Documents\WebDev\Projects\InDevelopment\unbornkay\backend\buildfiles\system\Database\BaseConnection.php(593): CodeIgniter\Database\BaseConnection->simpleQuery('SELECT *\nFROM `...')
#3 C:\Users\BadAss\Documents\WebDev\Projects\InDevelopment\unbornkay\backend\buildfiles\system\Database\BaseBuilder.php(1585): CodeIgniter\Database\BaseConnection->query('SELECT *\nFROM `...', Array, false)
#4 C:\Users\BadAss\Documents\WebDev\Projects\InDevelopment\unbornkay\backend\buildfiles\system\Model.php(250): CodeIgniter\Database\BaseBuilder->get()
#5 C:\Users\BadAss\Documents\WebDev\Projects\InDevelopment\unbornkay\backend\buildfiles\system\BaseModel.php(623): CodeIgniter\Model->doFirst()
#6 C:\Users\BadAss\Documents\WebDev\Projects\InDevelopment\unbornkay\backend\buildfiles\app\Models\AccountsModel.php(27): CodeIgniter\BaseModel->first()
#7 C:\Users\BadAss\Documents\WebDev\Projects\InDevelopment\unbornkay\backend\buildfiles\app\Validation\Passwords.php(13): App\Models\AccountsModel->getAccountInformation('email', 'user@gmail.com')
#8 C:\Users\BadAss\Documents\WebDev\Projects\InDevelopment\unbornkay\backend\buildfiles\system\Validation\Validation.php(315): App\validation\Passwords->verify_password('aaaa', 'email, password', Array, NULL, 'password')
#9 C:\Users\BadAss\Documents\WebDev\Projects\InDevelopment\unbornkay\backend\buildfiles\system\Validation\Validation.php(175): CodeIgniter\Validation\Validation->processRules('password', 'password', 'aaaa', Array, Array)
#10 C:\Users\BadAss\Documents\WebDev\Projects\InDevelopment\unbornkay\backend\buildfiles\system\Controller.php(140): CodeIgniter\Validation\Validation->run()
#11 C:\Users\BadAss\Documents\WebDev\Projects\InDevelopment\unbornkay\backend\buildfiles\app\Controllers\Auth.php(36): CodeIgniter\Controller->validate(Array)
#12 C:\Users\BadAss\Documents\WebDev\Projects\InDevelopment\unbornkay\backend\buildfiles\system\CodeIgniter.php(927): App\Controllers\Auth->signin()
#13 C:\Users\BadAss\Documents\WebDev\Projects\InDevelopment\unbornkay\backend\buildfiles\system\CodeIgniter.php(482): CodeIgniter\CodeIgniter->runController(Object(App\Controllers\Auth))
#14 C:\Users\BadAss\Documents\WebDev\Projects\InDevelopment\unbornkay\backend\buildfiles\system\CodeIgniter.php(351): CodeIgniter\CodeIgniter->handleRequest(NULL, Object(Config\Cache), false)
#15 C:\Users\BadAss\Documents\WebDev\Projects\InDevelopment\unbornkay\backend\index.php(67): CodeIgniter\CodeIgniter->run()
#16 C:\Users\BadAss\Documents\WebDev\Projects\InDevelopment\unbornkay\backend\buildfiles\system\Commands\Server\rewrite.php(46): require_once('C:\\Users\\BadAss...')
#17 {main}
CRITICAL - 2022-12-07 10:02:06 --> Unknown column 'email' in 'where clause'
in SYSTEMPATH\Database\MySQLi\Connection.php on line 292.
 1 SYSTEMPATH\Database\MySQLi\Connection.php(292): mysqli->query('SELECT *
FROM `accounts`
WHERE `email` = \'user@gmail.com\'
 LIMIT 1', 0)
 2 SYSTEMPATH\Database\BaseConnection.php(666): CodeIgniter\Database\MySQLi\Connection->execute('SELECT *
FROM `accounts`
WHERE `email` = \'user@gmail.com\'
 LIMIT 1')
 3 SYSTEMPATH\Database\BaseConnection.php(593): CodeIgniter\Database\BaseConnection->simpleQuery('SELECT *
FROM `accounts`
WHERE `email` = \'user@gmail.com\'
 LIMIT 1')
 4 SYSTEMPATH\Database\BaseBuilder.php(1585): CodeIgniter\Database\BaseConnection->query('SELECT *
FROM `accounts`
WHERE `email` = :email:
 LIMIT 1', [...], false)
 5 SYSTEMPATH\Model.php(250): CodeIgniter\Database\BaseBuilder->get()
 6 SYSTEMPATH\BaseModel.php(623): CodeIgniter\Model->doFirst()
 7 APPPATH\Models\AccountsModel.php(27): CodeIgniter\BaseModel->first()
 8 APPPATH\Validation\Passwords.php(13): App\Models\AccountsModel->getAccountInformation('email', 'user@gmail.com')
 9 SYSTEMPATH\Validation\Validation.php(315): App\validation\Passwords->verify_password('aaaa', 'email, password', [...], null, 'password')
10 SYSTEMPATH\Validation\Validation.php(175): CodeIgniter\Validation\Validation->processRules('password', 'password', 'aaaa', [...], [...])
11 SYSTEMPATH\Controller.php(140): CodeIgniter\Validation\Validation->run()
12 APPPATH\Controllers\Auth.php(36): CodeIgniter\Controller->validate([...])
13 SYSTEMPATH\CodeIgniter.php(927): App\Controllers\Auth->signin()
14 SYSTEMPATH\CodeIgniter.php(482): CodeIgniter\CodeIgniter->runController(Object(App\Controllers\Auth))
15 SYSTEMPATH\CodeIgniter.php(351): CodeIgniter\CodeIgniter->handleRequest(null, Object(Config\Cache), false)
16 FCPATH\index.php(67): CodeIgniter\CodeIgniter->run()
17 SYSTEMPATH\Commands\Server\rewrite.php(46): require_once('FCPATH\\index.php')
ERROR - 2022-12-07 10:02:09 --> mysqli_sql_exception: Unknown column 'email' in 'where clause' in C:\Users\BadAss\Documents\WebDev\Projects\InDevelopment\unbornkay\backend\buildfiles\system\Database\MySQLi\Connection.php:292
Stack trace:
#0 C:\Users\BadAss\Documents\WebDev\Projects\InDevelopment\unbornkay\backend\buildfiles\system\Database\MySQLi\Connection.php(292): mysqli->query('SELECT *\nFROM `...', 0)
#1 C:\Users\BadAss\Documents\WebDev\Projects\InDevelopment\unbornkay\backend\buildfiles\system\Database\BaseConnection.php(666): CodeIgniter\Database\MySQLi\Connection->execute('SELECT *\nFROM `...')
#2 C:\Users\BadAss\Documents\WebDev\Projects\InDevelopment\unbornkay\backend\buildfiles\system\Database\BaseConnection.php(593): CodeIgniter\Database\BaseConnection->simpleQuery('SELECT *\nFROM `...')
#3 C:\Users\BadAss\Documents\WebDev\Projects\InDevelopment\unbornkay\backend\buildfiles\system\Database\BaseBuilder.php(1585): CodeIgniter\Database\BaseConnection->query('SELECT *\nFROM `...', Array, false)
#4 C:\Users\BadAss\Documents\WebDev\Projects\InDevelopment\unbornkay\backend\buildfiles\system\Model.php(250): CodeIgniter\Database\BaseBuilder->get()
#5 C:\Users\BadAss\Documents\WebDev\Projects\InDevelopment\unbornkay\backend\buildfiles\system\BaseModel.php(623): CodeIgniter\Model->doFirst()
#6 C:\Users\BadAss\Documents\WebDev\Projects\InDevelopment\unbornkay\backend\buildfiles\app\Models\AccountsModel.php(27): CodeIgniter\BaseModel->first()
#7 C:\Users\BadAss\Documents\WebDev\Projects\InDevelopment\unbornkay\backend\buildfiles\app\Validation\Passwords.php(13): App\Models\AccountsModel->getAccountInformation('email', 'user@gmail.com')
#8 C:\Users\BadAss\Documents\WebDev\Projects\InDevelopment\unbornkay\backend\buildfiles\system\Validation\Validation.php(315): App\validation\Passwords->verify_password('aaaa', 'email, password', Array, NULL, 'password')
#9 C:\Users\BadAss\Documents\WebDev\Projects\InDevelopment\unbornkay\backend\buildfiles\system\Validation\Validation.php(175): CodeIgniter\Validation\Validation->processRules('password', 'password', 'aaaa', Array, Array)
#10 C:\Users\BadAss\Documents\WebDev\Projects\InDevelopment\unbornkay\backend\buildfiles\system\Controller.php(140): CodeIgniter\Validation\Validation->run()
#11 C:\Users\BadAss\Documents\WebDev\Projects\InDevelopment\unbornkay\backend\buildfiles\app\Controllers\Auth.php(36): CodeIgniter\Controller->validate(Array)
#12 C:\Users\BadAss\Documents\WebDev\Projects\InDevelopment\unbornkay\backend\buildfiles\system\CodeIgniter.php(927): App\Controllers\Auth->signin()
#13 C:\Users\BadAss\Documents\WebDev\Projects\InDevelopment\unbornkay\backend\buildfiles\system\CodeIgniter.php(482): CodeIgniter\CodeIgniter->runController(Object(App\Controllers\Auth))
#14 C:\Users\BadAss\Documents\WebDev\Projects\InDevelopment\unbornkay\backend\buildfiles\system\CodeIgniter.php(351): CodeIgniter\CodeIgniter->handleRequest(NULL, Object(Config\Cache), false)
#15 C:\Users\BadAss\Documents\WebDev\Projects\InDevelopment\unbornkay\backend\index.php(67): CodeIgniter\CodeIgniter->run()
#16 C:\Users\BadAss\Documents\WebDev\Projects\InDevelopment\unbornkay\backend\buildfiles\system\Commands\Server\rewrite.php(46): require_once('C:\\Users\\BadAss...')
#17 {main}
CRITICAL - 2022-12-07 10:02:09 --> Unknown column 'email' in 'where clause'
in SYSTEMPATH\Database\MySQLi\Connection.php on line 292.
 1 SYSTEMPATH\Database\MySQLi\Connection.php(292): mysqli->query('SELECT *
FROM `accounts`
WHERE `email` = \'user@gmail.com\'
 LIMIT 1', 0)
 2 SYSTEMPATH\Database\BaseConnection.php(666): CodeIgniter\Database\MySQLi\Connection->execute('SELECT *
FROM `accounts`
WHERE `email` = \'user@gmail.com\'
 LIMIT 1')
 3 SYSTEMPATH\Database\BaseConnection.php(593): CodeIgniter\Database\BaseConnection->simpleQuery('SELECT *
FROM `accounts`
WHERE `email` = \'user@gmail.com\'
 LIMIT 1')
 4 SYSTEMPATH\Database\BaseBuilder.php(1585): CodeIgniter\Database\BaseConnection->query('SELECT *
FROM `accounts`
WHERE `email` = :email:
 LIMIT 1', [...], false)
 5 SYSTEMPATH\Model.php(250): CodeIgniter\Database\BaseBuilder->get()
 6 SYSTEMPATH\BaseModel.php(623): CodeIgniter\Model->doFirst()
 7 APPPATH\Models\AccountsModel.php(27): CodeIgniter\BaseModel->first()
 8 APPPATH\Validation\Passwords.php(13): App\Models\AccountsModel->getAccountInformation('email', 'user@gmail.com')
 9 SYSTEMPATH\Validation\Validation.php(315): App\validation\Passwords->verify_password('aaaa', 'email, password', [...], null, 'password')
10 SYSTEMPATH\Validation\Validation.php(175): CodeIgniter\Validation\Validation->processRules('password', 'password', 'aaaa', [...], [...])
11 SYSTEMPATH\Controller.php(140): CodeIgniter\Validation\Validation->run()
12 APPPATH\Controllers\Auth.php(36): CodeIgniter\Controller->validate([...])
13 SYSTEMPATH\CodeIgniter.php(927): App\Controllers\Auth->signin()
14 SYSTEMPATH\CodeIgniter.php(482): CodeIgniter\CodeIgniter->runController(Object(App\Controllers\Auth))
15 SYSTEMPATH\CodeIgniter.php(351): CodeIgniter\CodeIgniter->handleRequest(null, Object(Config\Cache), false)
16 FCPATH\index.php(67): CodeIgniter\CodeIgniter->run()
17 SYSTEMPATH\Commands\Server\rewrite.php(46): require_once('FCPATH\\index.php')
