CRITICAL - 2022-12-28 08:01:56 --> Attempt to read property "reset_token" on string
in APPPATH\Controllers\Auth.php on line 340.
 1 APPPATH\Controllers\Auth.php(340): CodeIgniter\Debug\Exceptions->errorHandler(2, 'Attempt to read property "reset_token" on string', 'APPPATH\\Controllers\\Auth.php', 340)
 2 SYSTEMPATH\CodeIgniter.php(927): App\Controllers\Auth->requestpasswordreset()
 3 SYSTEMPATH\CodeIgniter.php(482): CodeIgniter\CodeIgniter->runController(Object(App\Controllers\Auth))
 4 SYSTEMPATH\CodeIgniter.php(351): CodeIgniter\CodeIgniter->handleRequest(null, Object(Config\Cache), false)
 5 FCPATH\index.php(74): CodeIgniter\CodeIgniter->run()
 6 SYSTEMPATH\Commands\Server\rewrite.php(46): require_once('FCPATH\\index.php')
CRITICAL - 2022-12-28 12:48:09 --> Undefined variable $decoded
in APPPATH\Controllers\Doctor.php on line 213.
 1 APPPATH\Controllers\Doctor.php(213): CodeIgniter\Debug\Exceptions->errorHandler(2, 'Undefined variable $decoded', 'APPPATH\\Controllers\\Doctor.php', 213)
 2 SYSTEMPATH\CodeIgniter.php(927): App\Controllers\Doctor->getreports()
 3 SYSTEMPATH\CodeIgniter.php(482): CodeIgniter\CodeIgniter->runController(Object(App\Controllers\Doctor))
 4 SYSTEMPATH\CodeIgniter.php(351): CodeIgniter\CodeIgniter->handleRequest(null, Object(Config\Cache), false)
 5 FCPATH\index.php(74): CodeIgniter\CodeIgniter->run()
 6 SYSTEMPATH\Commands\Server\rewrite.php(46): require_once('FCPATH\\index.php')
CRITICAL - 2022-12-28 12:48:09 --> Undefined variable $decoded
in APPPATH\Controllers\Doctor.php on line 213.
 1 APPPATH\Controllers\Doctor.php(213): CodeIgniter\Debug\Exceptions->errorHandler(2, 'Undefined variable $decoded', 'APPPATH\\Controllers\\Doctor.php', 213)
 2 SYSTEMPATH\CodeIgniter.php(927): App\Controllers\Doctor->getreports()
 3 SYSTEMPATH\CodeIgniter.php(482): CodeIgniter\CodeIgniter->runController(Object(App\Controllers\Doctor))
 4 SYSTEMPATH\CodeIgniter.php(351): CodeIgniter\CodeIgniter->handleRequest(null, Object(Config\Cache), false)
 5 FCPATH\index.php(74): CodeIgniter\CodeIgniter->run()
 6 SYSTEMPATH\Commands\Server\rewrite.php(46): require_once('FCPATH\\index.php')
CRITICAL - 2022-12-28 12:48:14 --> Undefined variable $decoded
in APPPATH\Controllers\Doctor.php on line 213.
 1 APPPATH\Controllers\Doctor.php(213): CodeIgniter\Debug\Exceptions->errorHandler(2, 'Undefined variable $decoded', 'APPPATH\\Controllers\\Doctor.php', 213)
 2 SYSTEMPATH\CodeIgniter.php(927): App\Controllers\Doctor->getreports()
 3 SYSTEMPATH\CodeIgniter.php(482): CodeIgniter\CodeIgniter->runController(Object(App\Controllers\Doctor))
 4 SYSTEMPATH\CodeIgniter.php(351): CodeIgniter\CodeIgniter->handleRequest(null, Object(Config\Cache), false)
 5 FCPATH\index.php(74): CodeIgniter\CodeIgniter->run()
 6 SYSTEMPATH\Commands\Server\rewrite.php(46): require_once('FCPATH\\index.php')
CRITICAL - 2022-12-28 12:48:14 --> Undefined variable $decoded
in APPPATH\Controllers\Doctor.php on line 213.
 1 APPPATH\Controllers\Doctor.php(213): CodeIgniter\Debug\Exceptions->errorHandler(2, 'Undefined variable $decoded', 'APPPATH\\Controllers\\Doctor.php', 213)
 2 SYSTEMPATH\CodeIgniter.php(927): App\Controllers\Doctor->getreports()
 3 SYSTEMPATH\CodeIgniter.php(482): CodeIgniter\CodeIgniter->runController(Object(App\Controllers\Doctor))
 4 SYSTEMPATH\CodeIgniter.php(351): CodeIgniter\CodeIgniter->handleRequest(null, Object(Config\Cache), false)
 5 FCPATH\index.php(74): CodeIgniter\CodeIgniter->run()
 6 SYSTEMPATH\Commands\Server\rewrite.php(46): require_once('FCPATH\\index.php')
CRITICAL - 2022-12-28 12:49:16 --> Undefined variable $decoded
in APPPATH\Controllers\Doctor.php on line 213.
 1 APPPATH\Controllers\Doctor.php(213): CodeIgniter\Debug\Exceptions->errorHandler(2, 'Undefined variable $decoded', 'APPPATH\\Controllers\\Doctor.php', 213)
 2 SYSTEMPATH\CodeIgniter.php(927): App\Controllers\Doctor->getreports()
 3 SYSTEMPATH\CodeIgniter.php(482): CodeIgniter\CodeIgniter->runController(Object(App\Controllers\Doctor))
 4 SYSTEMPATH\CodeIgniter.php(351): CodeIgniter\CodeIgniter->handleRequest(null, Object(Config\Cache), false)
 5 FCPATH\index.php(74): CodeIgniter\CodeIgniter->run()
 6 SYSTEMPATH\Commands\Server\rewrite.php(46): require_once('FCPATH\\index.php')
CRITICAL - 2022-12-28 12:49:16 --> Undefined variable $decoded
in APPPATH\Controllers\Doctor.php on line 213.
 1 APPPATH\Controllers\Doctor.php(213): CodeIgniter\Debug\Exceptions->errorHandler(2, 'Undefined variable $decoded', 'APPPATH\\Controllers\\Doctor.php', 213)
 2 SYSTEMPATH\CodeIgniter.php(927): App\Controllers\Doctor->getreports()
 3 SYSTEMPATH\CodeIgniter.php(482): CodeIgniter\CodeIgniter->runController(Object(App\Controllers\Doctor))
 4 SYSTEMPATH\CodeIgniter.php(351): CodeIgniter\CodeIgniter->handleRequest(null, Object(Config\Cache), false)
 5 FCPATH\index.php(74): CodeIgniter\CodeIgniter->run()
 6 SYSTEMPATH\Commands\Server\rewrite.php(46): require_once('FCPATH\\index.php')
CRITICAL - 2022-12-28 15:54:16 --> Undefined variable $decoded
in APPPATH\Controllers\Doctor.php on line 213.
 1 APPPATH\Controllers\Doctor.php(213): CodeIgniter\Debug\Exceptions->errorHandler(2, 'Undefined variable $decoded', 'APPPATH\\Controllers\\Doctor.php', 213)
 2 SYSTEMPATH\CodeIgniter.php(927): App\Controllers\Doctor->getreports()
 3 SYSTEMPATH\CodeIgniter.php(482): CodeIgniter\CodeIgniter->runController(Object(App\Controllers\Doctor))
 4 SYSTEMPATH\CodeIgniter.php(351): CodeIgniter\CodeIgniter->handleRequest(null, Object(Config\Cache), false)
 5 FCPATH\index.php(74): CodeIgniter\CodeIgniter->run()
 6 SYSTEMPATH\Commands\Server\rewrite.php(46): require_once('FCPATH\\index.php')
CRITICAL - 2022-12-28 15:54:16 --> Undefined variable $decoded
in APPPATH\Controllers\Doctor.php on line 213.
 1 APPPATH\Controllers\Doctor.php(213): CodeIgniter\Debug\Exceptions->errorHandler(2, 'Undefined variable $decoded', 'APPPATH\\Controllers\\Doctor.php', 213)
 2 SYSTEMPATH\CodeIgniter.php(927): App\Controllers\Doctor->getreports()
 3 SYSTEMPATH\CodeIgniter.php(482): CodeIgniter\CodeIgniter->runController(Object(App\Controllers\Doctor))
 4 SYSTEMPATH\CodeIgniter.php(351): CodeIgniter\CodeIgniter->handleRequest(null, Object(Config\Cache), false)
 5 FCPATH\index.php(74): CodeIgniter\CodeIgniter->run()
 6 SYSTEMPATH\Commands\Server\rewrite.php(46): require_once('FCPATH\\index.php')
CRITICAL - 2022-12-28 15:54:25 --> Undefined variable $decoded
in APPPATH\Controllers\Doctor.php on line 213.
 1 APPPATH\Controllers\Doctor.php(213): CodeIgniter\Debug\Exceptions->errorHandler(2, 'Undefined variable $decoded', 'APPPATH\\Controllers\\Doctor.php', 213)
 2 SYSTEMPATH\CodeIgniter.php(927): App\Controllers\Doctor->getreports()
 3 SYSTEMPATH\CodeIgniter.php(482): CodeIgniter\CodeIgniter->runController(Object(App\Controllers\Doctor))
 4 SYSTEMPATH\CodeIgniter.php(351): CodeIgniter\CodeIgniter->handleRequest(null, Object(Config\Cache), false)
 5 FCPATH\index.php(74): CodeIgniter\CodeIgniter->run()
 6 SYSTEMPATH\Commands\Server\rewrite.php(46): require_once('FCPATH\\index.php')
CRITICAL - 2022-12-28 15:54:25 --> Undefined variable $decoded
in APPPATH\Controllers\Doctor.php on line 213.
 1 APPPATH\Controllers\Doctor.php(213): CodeIgniter\Debug\Exceptions->errorHandler(2, 'Undefined variable $decoded', 'APPPATH\\Controllers\\Doctor.php', 213)
 2 SYSTEMPATH\CodeIgniter.php(927): App\Controllers\Doctor->getreports()
 3 SYSTEMPATH\CodeIgniter.php(482): CodeIgniter\CodeIgniter->runController(Object(App\Controllers\Doctor))
 4 SYSTEMPATH\CodeIgniter.php(351): CodeIgniter\CodeIgniter->handleRequest(null, Object(Config\Cache), false)
 5 FCPATH\index.php(74): CodeIgniter\CodeIgniter->run()
 6 SYSTEMPATH\Commands\Server\rewrite.php(46): require_once('FCPATH\\index.php')
