ERROR - 2022-12-08 01:00:16 --> mysqli_sql_exception: Table 'starter_db.userdetails' doesn't exist in C:\Users\BadAss\Documents\WebDev\Projects\InDevelopment\unbornkay\backend\buildfiles\system\Database\MySQLi\Connection.php:292
Stack trace:
#0 C:\Users\BadAss\Documents\WebDev\Projects\InDevelopment\unbornkay\backend\buildfiles\system\Database\MySQLi\Connection.php(292): mysqli->query('INSERT INTO `us...', 0)
#1 C:\Users\BadAss\Documents\WebDev\Projects\InDevelopment\unbornkay\backend\buildfiles\system\Database\BaseConnection.php(666): CodeIgniter\Database\MySQLi\Connection->execute('INSERT INTO `us...')
#2 C:\Users\BadAss\Documents\WebDev\Projects\InDevelopment\unbornkay\backend\buildfiles\system\Database\BaseConnection.php(593): CodeIgniter\Database\BaseConnection->simpleQuery('INSERT INTO `us...')
#3 C:\Users\BadAss\Documents\WebDev\Projects\InDevelopment\unbornkay\backend\buildfiles\system\Database\BaseBuilder.php(1916): CodeIgniter\Database\BaseConnection->query('INSERT INTO `us...', Array, false)
#4 C:\Users\BadAss\Documents\WebDev\Projects\InDevelopment\unbornkay\backend\buildfiles\system\Model.php(279): CodeIgniter\Database\BaseBuilder->insert()
#5 C:\Users\BadAss\Documents\WebDev\Projects\InDevelopment\unbornkay\backend\buildfiles\system\BaseModel.php(749): CodeIgniter\Model->doInsert(Array)
#6 C:\Users\BadAss\Documents\WebDev\Projects\InDevelopment\unbornkay\backend\buildfiles\system\Model.php(667): CodeIgniter\BaseModel->insert(Array, true)
#7 C:\Users\BadAss\Documents\WebDev\Projects\InDevelopment\unbornkay\backend\buildfiles\app\Controllers\Auth.php(83): CodeIgniter\Model->insert(Array)
#8 C:\Users\BadAss\Documents\WebDev\Projects\InDevelopment\unbornkay\backend\buildfiles\system\CodeIgniter.php(927): App\Controllers\Auth->init()
#9 C:\Users\BadAss\Documents\WebDev\Projects\InDevelopment\unbornkay\backend\buildfiles\system\CodeIgniter.php(482): CodeIgniter\CodeIgniter->runController(Object(App\Controllers\Auth))
#10 C:\Users\BadAss\Documents\WebDev\Projects\InDevelopment\unbornkay\backend\buildfiles\system\CodeIgniter.php(351): CodeIgniter\CodeIgniter->handleRequest(NULL, Object(Config\Cache), false)
#11 C:\Users\BadAss\Documents\WebDev\Projects\InDevelopment\unbornkay\backend\index.php(73): CodeIgniter\CodeIgniter->run()
#12 C:\Users\BadAss\Documents\WebDev\Projects\InDevelopment\unbornkay\backend\buildfiles\system\Commands\Server\rewrite.php(46): require_once('C:\\Users\\BadAss...')
#13 {main}
CRITICAL - 2022-12-08 01:00:16 --> Table 'starter_db.userdetails' doesn't exist
in SYSTEMPATH\Database\MySQLi\Connection.php on line 292.
 1 SYSTEMPATH\Database\MySQLi\Connection.php(292): mysqli->query('INSERT INTO `userdetails` (`user_first_name`, `user_last_name`) VALUES (\'John\', \'Doe\')', 0)
 2 SYSTEMPATH\Database\BaseConnection.php(666): CodeIgniter\Database\MySQLi\Connection->execute('INSERT INTO `userdetails` (`user_first_name`, `user_last_name`) VALUES (\'John\', \'Doe\')')
 3 SYSTEMPATH\Database\BaseConnection.php(593): CodeIgniter\Database\BaseConnection->simpleQuery('INSERT INTO `userdetails` (`user_first_name`, `user_last_name`) VALUES (\'John\', \'Doe\')')
 4 SYSTEMPATH\Database\BaseBuilder.php(1916): CodeIgniter\Database\BaseConnection->query('INSERT INTO `userdetails` (`user_first_name`, `user_last_name`) VALUES (:user_first_name:, :user_last_name:)', [...], false)
 5 SYSTEMPATH\Model.php(279): CodeIgniter\Database\BaseBuilder->insert()
 6 SYSTEMPATH\BaseModel.php(749): CodeIgniter\Model->doInsert([...])
 7 SYSTEMPATH\Model.php(667): CodeIgniter\BaseModel->insert([...], true)
 8 APPPATH\Controllers\Auth.php(83): CodeIgniter\Model->insert([...])
 9 SYSTEMPATH\CodeIgniter.php(927): App\Controllers\Auth->init()
10 SYSTEMPATH\CodeIgniter.php(482): CodeIgniter\CodeIgniter->runController(Object(App\Controllers\Auth))
11 SYSTEMPATH\CodeIgniter.php(351): CodeIgniter\CodeIgniter->handleRequest(null, Object(Config\Cache), false)
12 FCPATH\index.php(73): CodeIgniter\CodeIgniter->run()
13 SYSTEMPATH\Commands\Server\rewrite.php(46): require_once('FCPATH\\index.php')
ERROR - 2022-12-08 01:01:02 --> mysqli_sql_exception: Column 'account_status' cannot be null in C:\Users\BadAss\Documents\WebDev\Projects\InDevelopment\unbornkay\backend\buildfiles\system\Database\MySQLi\Connection.php:292
Stack trace:
#0 C:\Users\BadAss\Documents\WebDev\Projects\InDevelopment\unbornkay\backend\buildfiles\system\Database\MySQLi\Connection.php(292): mysqli->query('INSERT INTO `ac...', 0)
#1 C:\Users\BadAss\Documents\WebDev\Projects\InDevelopment\unbornkay\backend\buildfiles\system\Database\BaseConnection.php(666): CodeIgniter\Database\MySQLi\Connection->execute('INSERT INTO `ac...')
#2 C:\Users\BadAss\Documents\WebDev\Projects\InDevelopment\unbornkay\backend\buildfiles\system\Database\BaseConnection.php(593): CodeIgniter\Database\BaseConnection->simpleQuery('INSERT INTO `ac...')
#3 C:\Users\BadAss\Documents\WebDev\Projects\InDevelopment\unbornkay\backend\buildfiles\system\Database\BaseBuilder.php(1916): CodeIgniter\Database\BaseConnection->query('INSERT INTO `ac...', Array, false)
#4 C:\Users\BadAss\Documents\WebDev\Projects\InDevelopment\unbornkay\backend\buildfiles\system\Model.php(279): CodeIgniter\Database\BaseBuilder->insert()
#5 C:\Users\BadAss\Documents\WebDev\Projects\InDevelopment\unbornkay\backend\buildfiles\system\BaseModel.php(749): CodeIgniter\Model->doInsert(Array)
#6 C:\Users\BadAss\Documents\WebDev\Projects\InDevelopment\unbornkay\backend\buildfiles\system\Model.php(667): CodeIgniter\BaseModel->insert(Array, true)
#7 C:\Users\BadAss\Documents\WebDev\Projects\InDevelopment\unbornkay\backend\buildfiles\app\Controllers\Auth.php(84): CodeIgniter\Model->insert(Array)
#8 C:\Users\BadAss\Documents\WebDev\Projects\InDevelopment\unbornkay\backend\buildfiles\system\CodeIgniter.php(927): App\Controllers\Auth->init()
#9 C:\Users\BadAss\Documents\WebDev\Projects\InDevelopment\unbornkay\backend\buildfiles\system\CodeIgniter.php(482): CodeIgniter\CodeIgniter->runController(Object(App\Controllers\Auth))
#10 C:\Users\BadAss\Documents\WebDev\Projects\InDevelopment\unbornkay\backend\buildfiles\system\CodeIgniter.php(351): CodeIgniter\CodeIgniter->handleRequest(NULL, Object(Config\Cache), false)
#11 C:\Users\BadAss\Documents\WebDev\Projects\InDevelopment\unbornkay\backend\index.php(73): CodeIgniter\CodeIgniter->run()
#12 C:\Users\BadAss\Documents\WebDev\Projects\InDevelopment\unbornkay\backend\buildfiles\system\Commands\Server\rewrite.php(46): require_once('C:\\Users\\BadAss...')
#13 {main}
CRITICAL - 2022-12-08 01:01:02 --> Column 'account_status' cannot be null
in SYSTEMPATH\Database\MySQLi\Connection.php on line 292.
 1 SYSTEMPATH\Database\MySQLi\Connection.php(292): mysqli->query('INSERT INTO `accounts` (`account_email`, `account_password`, `account_status`) VALUES (\'user1@gmail.com\', \'aaaaaa\', NULL)', 0)
 2 SYSTEMPATH\Database\BaseConnection.php(666): CodeIgniter\Database\MySQLi\Connection->execute('INSERT INTO `accounts` (`account_email`, `account_password`, `account_status`) VALUES (\'user1@gmail.com\', \'aaaaaa\', NULL)')
 3 SYSTEMPATH\Database\BaseConnection.php(593): CodeIgniter\Database\BaseConnection->simpleQuery('INSERT INTO `accounts` (`account_email`, `account_password`, `account_status`) VALUES (\'user1@gmail.com\', \'aaaaaa\', NULL)')
 4 SYSTEMPATH\Database\BaseBuilder.php(1916): CodeIgniter\Database\BaseConnection->query('INSERT INTO `accounts` (`account_email`, `account_password`, `account_status`) VALUES (:account_email:, :account_password:, :account_status:)', [...], false)
 5 SYSTEMPATH\Model.php(279): CodeIgniter\Database\BaseBuilder->insert()
 6 SYSTEMPATH\BaseModel.php(749): CodeIgniter\Model->doInsert([...])
 7 SYSTEMPATH\Model.php(667): CodeIgniter\BaseModel->insert([...], true)
 8 APPPATH\Controllers\Auth.php(84): CodeIgniter\Model->insert([...])
 9 SYSTEMPATH\CodeIgniter.php(927): App\Controllers\Auth->init()
10 SYSTEMPATH\CodeIgniter.php(482): CodeIgniter\CodeIgniter->runController(Object(App\Controllers\Auth))
11 SYSTEMPATH\CodeIgniter.php(351): CodeIgniter\CodeIgniter->handleRequest(null, Object(Config\Cache), false)
12 FCPATH\index.php(73): CodeIgniter\CodeIgniter->run()
13 SYSTEMPATH\Commands\Server\rewrite.php(46): require_once('FCPATH\\index.php')
CRITICAL - 2022-12-08 01:12:13 --> Undefined property: stdClass::$password
in APPPATH\Validation\Passwords.php on line 19.
 1 APPPATH\Validation\Passwords.php(19): CodeIgniter\Debug\Exceptions->errorHandler(2, 'Undefined property: stdClass::$password', 'APPPATH\\Validation\\Passwords.php', 19)
 2 SYSTEMPATH\Validation\Validation.php(315): App\validation\Passwords->verify_password('aaaa', 'email, password', [...], null, 'password')
 3 SYSTEMPATH\Validation\Validation.php(175): CodeIgniter\Validation\Validation->processRules('password', 'password', 'aaaa', [...], [...])
 4 SYSTEMPATH\Controller.php(140): CodeIgniter\Validation\Validation->run()
 5 APPPATH\Controllers\Auth.php(42): CodeIgniter\Controller->validate([...])
 6 SYSTEMPATH\CodeIgniter.php(927): App\Controllers\Auth->signin()
 7 SYSTEMPATH\CodeIgniter.php(482): CodeIgniter\CodeIgniter->runController(Object(App\Controllers\Auth))
 8 SYSTEMPATH\CodeIgniter.php(351): CodeIgniter\CodeIgniter->handleRequest(null, Object(Config\Cache), false)
 9 FCPATH\index.php(73): CodeIgniter\CodeIgniter->run()
10 SYSTEMPATH\Commands\Server\rewrite.php(46): require_once('FCPATH\\index.php')
CRITICAL - 2022-12-08 01:13:41 --> Undefined property: App\Controllers\Auth::$accountsmodel
in APPPATH\Controllers\Auth.php on line 57.
 1 APPPATH\Controllers\Auth.php(57): CodeIgniter\Debug\Exceptions->errorHandler(2, 'Undefined property: App\\Controllers\\Auth::$accountsmodel', 'APPPATH\\Controllers\\Auth.php', 57)
 2 SYSTEMPATH\CodeIgniter.php(927): App\Controllers\Auth->signin()
 3 SYSTEMPATH\CodeIgniter.php(482): CodeIgniter\CodeIgniter->runController(Object(App\Controllers\Auth))
 4 SYSTEMPATH\CodeIgniter.php(351): CodeIgniter\CodeIgniter->handleRequest(null, Object(Config\Cache), false)
 5 FCPATH\index.php(73): CodeIgniter\CodeIgniter->run()
 6 SYSTEMPATH\Commands\Server\rewrite.php(46): require_once('FCPATH\\index.php')
CRITICAL - 2022-12-08 01:14:01 --> key must be a string when using hmac
in FCPATH\buildfiles\vendor\firebase\php-jwt\src\JWT.php on line 232.
 1 FCPATH\buildfiles\vendor\firebase\php-jwt\src\JWT.php(202): Firebase\JWT\JWT::sign('eyJ0eXAiOiJKV1QiLCJhbGciOiJIUzI1NiJ9.eyJpc3MiOmZhbHNlLCJhdWQiOiJhZG1pbiIsImFpdCI6MTY3MDQ4MzY0MCwibmJmIjoxNjcwNDgzNjQwLCJpZCI6IjEifQ', false, 'HS256')
 2 APPPATH\Controllers\Auth.php(60): Firebase\JWT\JWT::encode([...], false, 'HS256')
 3 SYSTEMPATH\CodeIgniter.php(927): App\Controllers\Auth->signin()
 4 SYSTEMPATH\CodeIgniter.php(482): CodeIgniter\CodeIgniter->runController(Object(App\Controllers\Auth))
 5 SYSTEMPATH\CodeIgniter.php(351): CodeIgniter\CodeIgniter->handleRequest(null, Object(Config\Cache), false)
 6 FCPATH\index.php(73): CodeIgniter\CodeIgniter->run()
 7 SYSTEMPATH\Commands\Server\rewrite.php(46): require_once('FCPATH\\index.php')
CRITICAL - 2022-12-08 01:14:31 --> Undefined property: App\Controllers\Auth::$reqeust
in APPPATH\Controllers\Auth.php on line 64.
 1 APPPATH\Controllers\Auth.php(64): CodeIgniter\Debug\Exceptions->errorHandler(2, 'Undefined property: App\\Controllers\\Auth::$reqeust', 'APPPATH\\Controllers\\Auth.php', 64)
 2 SYSTEMPATH\CodeIgniter.php(927): App\Controllers\Auth->signin()
 3 SYSTEMPATH\CodeIgniter.php(482): CodeIgniter\CodeIgniter->runController(Object(App\Controllers\Auth))
 4 SYSTEMPATH\CodeIgniter.php(351): CodeIgniter\CodeIgniter->handleRequest(null, Object(Config\Cache), false)
 5 FCPATH\index.php(73): CodeIgniter\CodeIgniter->run()
 6 SYSTEMPATH\Commands\Server\rewrite.php(46): require_once('FCPATH\\index.php')
CRITICAL - 2022-12-08 01:15:02 --> Attempt to read property "account_id" on null
in APPPATH\Controllers\Auth.php on line 57.
 1 APPPATH\Controllers\Auth.php(57): CodeIgniter\Debug\Exceptions->errorHandler(2, 'Attempt to read property "account_id" on null', 'APPPATH\\Controllers\\Auth.php', 57)
 2 SYSTEMPATH\CodeIgniter.php(927): App\Controllers\Auth->signin()
 3 SYSTEMPATH\CodeIgniter.php(482): CodeIgniter\CodeIgniter->runController(Object(App\Controllers\Auth))
 4 SYSTEMPATH\CodeIgniter.php(351): CodeIgniter\CodeIgniter->handleRequest(null, Object(Config\Cache), false)
 5 FCPATH\index.php(73): CodeIgniter\CodeIgniter->run()
 6 SYSTEMPATH\Commands\Server\rewrite.php(46): require_once('FCPATH\\index.php')
CRITICAL - 2022-12-08 01:15:15 --> Attempt to read property "account_id" on null
in APPPATH\Controllers\Auth.php on line 57.
 1 APPPATH\Controllers\Auth.php(57): CodeIgniter\Debug\Exceptions->errorHandler(2, 'Attempt to read property "account_id" on null', 'APPPATH\\Controllers\\Auth.php', 57)
 2 SYSTEMPATH\CodeIgniter.php(927): App\Controllers\Auth->signin()
 3 SYSTEMPATH\CodeIgniter.php(482): CodeIgniter\CodeIgniter->runController(Object(App\Controllers\Auth))
 4 SYSTEMPATH\CodeIgniter.php(351): CodeIgniter\CodeIgniter->handleRequest(null, Object(Config\Cache), false)
 5 FCPATH\index.php(73): CodeIgniter\CodeIgniter->run()
 6 SYSTEMPATH\Commands\Server\rewrite.php(46): require_once('FCPATH\\index.php')
CRITICAL - 2022-12-08 01:15:40 --> Undefined property: App\Controllers\Auth::$reqeust
in APPPATH\Controllers\Auth.php on line 64.
 1 APPPATH\Controllers\Auth.php(64): CodeIgniter\Debug\Exceptions->errorHandler(2, 'Undefined property: App\\Controllers\\Auth::$reqeust', 'APPPATH\\Controllers\\Auth.php', 64)
 2 SYSTEMPATH\CodeIgniter.php(927): App\Controllers\Auth->signin()
 3 SYSTEMPATH\CodeIgniter.php(482): CodeIgniter\CodeIgniter->runController(Object(App\Controllers\Auth))
 4 SYSTEMPATH\CodeIgniter.php(351): CodeIgniter\CodeIgniter->handleRequest(null, Object(Config\Cache), false)
 5 FCPATH\index.php(73): CodeIgniter\CodeIgniter->run()
 6 SYSTEMPATH\Commands\Server\rewrite.php(46): require_once('FCPATH\\index.php')
CRITICAL - 2022-12-08 01:15:58 --> Undefined property: stdClass::$account_preferences
in APPPATH\Controllers\Auth.php on line 64.
 1 APPPATH\Controllers\Auth.php(64): CodeIgniter\Debug\Exceptions->errorHandler(2, 'Undefined property: stdClass::$account_preferences', 'APPPATH\\Controllers\\Auth.php', 64)
 2 SYSTEMPATH\CodeIgniter.php(927): App\Controllers\Auth->signin()
 3 SYSTEMPATH\CodeIgniter.php(482): CodeIgniter\CodeIgniter->runController(Object(App\Controllers\Auth))
 4 SYSTEMPATH\CodeIgniter.php(351): CodeIgniter\CodeIgniter->handleRequest(null, Object(Config\Cache), false)
 5 FCPATH\index.php(73): CodeIgniter\CodeIgniter->run()
 6 SYSTEMPATH\Commands\Server\rewrite.php(46): require_once('FCPATH\\index.php')
CRITICAL - 2022-12-08 02:07:59 --> Call to undefined method App\Controllers\Admin::respond()
in APPPATH\Controllers\Admin.php on line 18.
 1 SYSTEMPATH\CodeIgniter.php(927): App\Controllers\Admin->updatepreferences()
 2 SYSTEMPATH\CodeIgniter.php(482): CodeIgniter\CodeIgniter->runController(Object(App\Controllers\Admin))
 3 SYSTEMPATH\CodeIgniter.php(351): CodeIgniter\CodeIgniter->handleRequest(null, Object(Config\Cache), false)
 4 FCPATH\index.php(73): CodeIgniter\CodeIgniter->run()
 5 SYSTEMPATH\Commands\Server\rewrite.php(46): require_once('FCPATH\\index.php')
CRITICAL - 2022-12-08 02:32:42 --> Undefined property: App\Controllers\Admin::$getToken
in APPPATH\Controllers\Admin.php on line 18.
 1 APPPATH\Controllers\Admin.php(18): CodeIgniter\Debug\Exceptions->errorHandler(2, 'Undefined property: App\\Controllers\\Admin::$getToken', 'APPPATH\\Controllers\\Admin.php', 18)
 2 SYSTEMPATH\CodeIgniter.php(927): App\Controllers\Admin->updatepreferences()
 3 SYSTEMPATH\CodeIgniter.php(482): CodeIgniter\CodeIgniter->runController(Object(App\Controllers\Admin))
 4 SYSTEMPATH\CodeIgniter.php(351): CodeIgniter\CodeIgniter->handleRequest(null, Object(Config\Cache), false)
 5 FCPATH\index.php(73): CodeIgniter\CodeIgniter->run()
 6 SYSTEMPATH\Commands\Server\rewrite.php(46): require_once('FCPATH\\index.php')
CRITICAL - 2022-12-08 02:33:05 --> Undefined variable $token
in APPPATH\Controllers\Admin.php on line 25.
 1 APPPATH\Controllers\Admin.php(25): CodeIgniter\Debug\Exceptions->errorHandler(2, 'Undefined variable $token', 'APPPATH\\Controllers\\Admin.php', 25)
 2 APPPATH\Controllers\Admin.php(18): App\Controllers\Admin->getToken()
 3 SYSTEMPATH\CodeIgniter.php(927): App\Controllers\Admin->updatepreferences()
 4 SYSTEMPATH\CodeIgniter.php(482): CodeIgniter\CodeIgniter->runController(Object(App\Controllers\Admin))
 5 SYSTEMPATH\CodeIgniter.php(351): CodeIgniter\CodeIgniter->handleRequest(null, Object(Config\Cache), false)
 6 FCPATH\index.php(73): CodeIgniter\CodeIgniter->run()
 7 SYSTEMPATH\Commands\Server\rewrite.php(46): require_once('FCPATH\\index.php')
CRITICAL - 2022-12-08 02:33:07 --> Undefined variable $token
in APPPATH\Controllers\Admin.php on line 25.
 1 APPPATH\Controllers\Admin.php(25): CodeIgniter\Debug\Exceptions->errorHandler(2, 'Undefined variable $token', 'APPPATH\\Controllers\\Admin.php', 25)
 2 APPPATH\Controllers\Admin.php(18): App\Controllers\Admin->getToken()
 3 SYSTEMPATH\CodeIgniter.php(927): App\Controllers\Admin->updatepreferences()
 4 SYSTEMPATH\CodeIgniter.php(482): CodeIgniter\CodeIgniter->runController(Object(App\Controllers\Admin))
 5 SYSTEMPATH\CodeIgniter.php(351): CodeIgniter\CodeIgniter->handleRequest(null, Object(Config\Cache), false)
 6 FCPATH\index.php(73): CodeIgniter\CodeIgniter->run()
 7 SYSTEMPATH\Commands\Server\rewrite.php(46): require_once('FCPATH\\index.php')
CRITICAL - 2022-12-08 02:33:17 --> Syntax error, malformed JSON
in FCPATH\buildfiles\vendor\firebase\php-jwt\src\JWT.php on line 482.
 1 FCPATH\buildfiles\vendor\firebase\php-jwt\src\JWT.php(343): Firebase\JWT\JWT::handleJsonError(4)
 2 FCPATH\buildfiles\vendor\firebase\php-jwt\src\JWT.php(106): Firebase\JWT\JWT::jsonDecode('N‰ì‰ÑåÀˆè‰)]Pˆ°‰…±œˆè‰!LÈÔØ‰')
 3 APPPATH\Controllers\Admin.php(18): Firebase\JWT\JWT::decode('Token: eyJ0eXAiOiJKV1QiLCJhbGciOiJIUzI1NiJ9.eyJpc3MiOmZhbHNlLCJhdWQiOiJhZG1pbiIsImFpdCI6MTY3MDQ4NTkyNiwibmJmIjoxNjcwNDg1OTI2LCJpZCI6IjEifQ.7uKH3jUGD4jAOooe4B93YHxaWGuTheerGyVPt2H4UD8', 'Application', [...])
 4 SYSTEMPATH\CodeIgniter.php(927): App\Controllers\Admin->updatepreferences()
 5 SYSTEMPATH\CodeIgniter.php(482): CodeIgniter\CodeIgniter->runController(Object(App\Controllers\Admin))
 6 SYSTEMPATH\CodeIgniter.php(351): CodeIgniter\CodeIgniter->handleRequest(null, Object(Config\Cache), false)
 7 FCPATH\index.php(73): CodeIgniter\CodeIgniter->run()
 8 SYSTEMPATH\Commands\Server\rewrite.php(46): require_once('FCPATH\\index.php')
CRITICAL - 2022-12-08 02:33:17 --> Uncaught CodeIgniter\Format\Exceptions\FormatException: Failed to parse json string, error: "Malformed UTF-8 characters, possibly incorrectly encoded". in C:\Users\BadAss\Documents\WebDev\Projects\InDevelopment\unbornkay\backend\buildfiles\system\Format\JSONFormatter.php:41
Stack trace:
#0 C:\Users\BadAss\Documents\WebDev\Projects\InDevelopment\unbornkay\backend\buildfiles\system\Format\JSONFormatter.php(41): CodeIgniter\Format\Exceptions\FormatException::forInvalidJSON('Malformed UTF-8...')
#1 C:\Users\BadAss\Documents\WebDev\Projects\InDevelopment\unbornkay\backend\buildfiles\system\API\ResponseTrait.php(348): CodeIgniter\Format\JSONFormatter->format(Array)
#2 C:\Users\BadAss\Documents\WebDev\Projects\InDevelopment\unbornkay\backend\buildfiles\system\API\ResponseTrait.php(99): CodeIgniter\Debug\Exceptions->format(Array)
#3 C:\Users\BadAss\Documents\WebDev\Projects\InDevelopment\unbornkay\backend\buildfiles\system\Debug\Exceptions.php(133): CodeIgniter\Debug\Exceptions->respond(Array, 500)
#4 [internal function]: CodeIgniter\Debug\Exceptions->exceptionHandler(Object(DomainException))
#5 {main}
  thrown
in SYSTEMPATH\Format\JSONFormatter.php on line 41.
 1 [internal function]: CodeIgniter\Debug\Exceptions->shutdownHandler()
CRITICAL - 2022-12-08 02:34:04 --> Syntax error, malformed JSON
in FCPATH\buildfiles\vendor\firebase\php-jwt\src\JWT.php on line 482.
 1 FCPATH\buildfiles\vendor\firebase\php-jwt\src\JWT.php(343): Firebase\JWT\JWT::handleJsonError(4)
 2 FCPATH\buildfiles\vendor\firebase\php-jwt\src\JWT.php(106): Firebase\JWT\JWT::jsonDecode('N‰ì‰ÑåÀˆè‰)]Pˆ°‰…±œˆè‰!LÈÔØ‰')
 3 APPPATH\Controllers\Admin.php(18): Firebase\JWT\JWT::decode('Token: eyJ0eXAiOiJKV1QiLCJhbGciOiJIUzI1NiJ9.eyJpc3MiOmZhbHNlLCJhdWQiOiJhZG1pbiIsImFpdCI6MTY3MDQ4ODQyOCwibmJmIjoxNjcwNDg4NDI4LCJpZCI6IjEifQ.OtXuddYoZ04gOcUVozeDyn2jsHZs42QInJmPRvDanoc', 'Application', [...])
 4 SYSTEMPATH\CodeIgniter.php(927): App\Controllers\Admin->updatepreferences()
 5 SYSTEMPATH\CodeIgniter.php(482): CodeIgniter\CodeIgniter->runController(Object(App\Controllers\Admin))
 6 SYSTEMPATH\CodeIgniter.php(351): CodeIgniter\CodeIgniter->handleRequest(null, Object(Config\Cache), false)
 7 FCPATH\index.php(73): CodeIgniter\CodeIgniter->run()
 8 SYSTEMPATH\Commands\Server\rewrite.php(46): require_once('FCPATH\\index.php')
CRITICAL - 2022-12-08 02:34:04 --> Uncaught CodeIgniter\Format\Exceptions\FormatException: Failed to parse json string, error: "Malformed UTF-8 characters, possibly incorrectly encoded". in C:\Users\BadAss\Documents\WebDev\Projects\InDevelopment\unbornkay\backend\buildfiles\system\Format\JSONFormatter.php:41
Stack trace:
#0 C:\Users\BadAss\Documents\WebDev\Projects\InDevelopment\unbornkay\backend\buildfiles\system\Format\JSONFormatter.php(41): CodeIgniter\Format\Exceptions\FormatException::forInvalidJSON('Malformed UTF-8...')
#1 C:\Users\BadAss\Documents\WebDev\Projects\InDevelopment\unbornkay\backend\buildfiles\system\API\ResponseTrait.php(348): CodeIgniter\Format\JSONFormatter->format(Array)
#2 C:\Users\BadAss\Documents\WebDev\Projects\InDevelopment\unbornkay\backend\buildfiles\system\API\ResponseTrait.php(99): CodeIgniter\Debug\Exceptions->format(Array)
#3 C:\Users\BadAss\Documents\WebDev\Projects\InDevelopment\unbornkay\backend\buildfiles\system\Debug\Exceptions.php(133): CodeIgniter\Debug\Exceptions->respond(Array, 500)
#4 [internal function]: CodeIgniter\Debug\Exceptions->exceptionHandler(Object(DomainException))
#5 {main}
  thrown
in SYSTEMPATH\Format\JSONFormatter.php on line 41.
 1 [internal function]: CodeIgniter\Debug\Exceptions->shutdownHandler()
CRITICAL - 2022-12-08 02:35:30 --> "kid" empty, unable to lookup correct key
in FCPATH\buildfiles\vendor\firebase\php-jwt\src\JWT.php on line 434.
 1 FCPATH\buildfiles\vendor\firebase\php-jwt\src\JWT.php(128): Firebase\JWT\JWT::getKey('Application', null)
 2 APPPATH\Controllers\Admin.php(18): Firebase\JWT\JWT::decode('eyJ0eXAiOiJKV1QiLCJhbGciOiJIUzI1NiJ9.eyJpc3MiOmZhbHNlLCJhdWQiOiJhZG1pbiIsImFpdCI6MTY3MDQ4ODQyOCwibmJmIjoxNjcwNDg4NDI4LCJpZCI6IjEifQ.OtXuddYoZ04gOcUVozeDyn2jsHZs42QInJmPRvDanoc', 'Application', [...])
 3 SYSTEMPATH\CodeIgniter.php(927): App\Controllers\Admin->updatepreferences()
 4 SYSTEMPATH\CodeIgniter.php(482): CodeIgniter\CodeIgniter->runController(Object(App\Controllers\Admin))
 5 SYSTEMPATH\CodeIgniter.php(351): CodeIgniter\CodeIgniter->handleRequest(null, Object(Config\Cache), false)
 6 FCPATH\index.php(73): CodeIgniter\CodeIgniter->run()
 7 SYSTEMPATH\Commands\Server\rewrite.php(46): require_once('FCPATH\\index.php')
CRITICAL - 2022-12-08 02:36:47 --> "kid" empty, unable to lookup correct key
in FCPATH\buildfiles\vendor\firebase\php-jwt\src\JWT.php on line 434.
 1 FCPATH\buildfiles\vendor\firebase\php-jwt\src\JWT.php(128): Firebase\JWT\JWT::getKey('Application', null)
 2 APPPATH\Controllers\Admin.php(19): Firebase\JWT\JWT::decode('eyJ0eXAiOiJKV1QiLCJhbGciOiJIUzI1NiJ9.eyJpc3MiOmZhbHNlLCJhdWQiOiJhZG1pbiIsImFpdCI6MTY3MDQ4ODU4NiwibmJmIjoxNjcwNDg4NTg2LCJpZCI6IjEifQ.iKW6Y3BKtiO0H_y_iNlXmyRSLTNO-iuont_ipBsPd9I', 'Application', [...])
 3 SYSTEMPATH\CodeIgniter.php(927): App\Controllers\Admin->updatepreferences()
 4 SYSTEMPATH\CodeIgniter.php(482): CodeIgniter\CodeIgniter->runController(Object(App\Controllers\Admin))
 5 SYSTEMPATH\CodeIgniter.php(351): CodeIgniter\CodeIgniter->handleRequest(null, Object(Config\Cache), false)
 6 FCPATH\index.php(73): CodeIgniter\CodeIgniter->run()
 7 SYSTEMPATH\Commands\Server\rewrite.php(46): require_once('FCPATH\\index.php')
CRITICAL - 2022-12-08 02:51:29 --> "kid" empty, unable to lookup correct key
in FCPATH\buildfiles\vendor\firebase\php-jwt\src\JWT.php on line 434.
 1 FCPATH\buildfiles\vendor\firebase\php-jwt\src\JWT.php(128): Firebase\JWT\JWT::getKey('Application', null)
 2 APPPATH\Controllers\Admin.php(19): Firebase\JWT\JWT::decode('eyJ0eXAiOiJKV1QiLCJhbGciOiJIUzI1NiJ9.eyJpc3MiOmZhbHNlLCJhdWQiOiJhZG1pbiIsImFpdCI6MTY3MDQ4NTkyNiwibmJmIjoxNjcwNDg1OTI2LCJpZCI6IjEifQ.7uKH3jUGD4jAOooe4B93YHxaWGuTheerGyVPt2H4UD8', 'Application', [...])
 3 SYSTEMPATH\CodeIgniter.php(927): App\Controllers\Admin->updatepreferences()
 4 SYSTEMPATH\CodeIgniter.php(482): CodeIgniter\CodeIgniter->runController(Object(App\Controllers\Admin))
 5 SYSTEMPATH\CodeIgniter.php(351): CodeIgniter\CodeIgniter->handleRequest(null, Object(Config\Cache), false)
 6 FCPATH\index.php(73): CodeIgniter\CodeIgniter->run()
 7 SYSTEMPATH\Commands\Server\rewrite.php(46): require_once('FCPATH\\index.php')
CRITICAL - 2022-12-08 02:52:02 --> "kid" empty, unable to lookup correct key
in FCPATH\buildfiles\vendor\firebase\php-jwt\src\JWT.php on line 434.
 1 FCPATH\buildfiles\vendor\firebase\php-jwt\src\JWT.php(128): Firebase\JWT\JWT::getKey('Application', null)
 2 APPPATH\Controllers\Admin.php(19): Firebase\JWT\JWT::decode('eyJ0eXAiOiJKV1QiLCJhbGciOiJIUzI1NiJ9.eyJpc3MiOmZhbHNlLCJhdWQiOiJhZG1pbiIsImFpdCI6MTY3MDQ4ODU4NiwibmJmIjoxNjcwNDg4NTg2LCJpZCI6IjEifQ.iKW6Y3BKtiO0H_y_iNlXmyRSLTNO-iuont_ipBsPd9I', 'Application', [...])
 3 SYSTEMPATH\CodeIgniter.php(927): App\Controllers\Admin->updatepreferences()
 4 SYSTEMPATH\CodeIgniter.php(482): CodeIgniter\CodeIgniter->runController(Object(App\Controllers\Admin))
 5 SYSTEMPATH\CodeIgniter.php(351): CodeIgniter\CodeIgniter->handleRequest(null, Object(Config\Cache), false)
 6 FCPATH\index.php(73): CodeIgniter\CodeIgniter->run()
 7 SYSTEMPATH\Commands\Server\rewrite.php(46): require_once('FCPATH\\index.php')
CRITICAL - 2022-12-08 02:52:05 --> "kid" empty, unable to lookup correct key
in FCPATH\buildfiles\vendor\firebase\php-jwt\src\JWT.php on line 434.
 1 FCPATH\buildfiles\vendor\firebase\php-jwt\src\JWT.php(128): Firebase\JWT\JWT::getKey('Application', null)
 2 APPPATH\Controllers\Admin.php(19): Firebase\JWT\JWT::decode('eyJ0eXAiOiJKV1QiLCJhbGciOiJIUzI1NiJ9.eyJpc3MiOmZhbHNlLCJhdWQiOiJhZG1pbiIsImFpdCI6MTY3MDQ4ODU4NiwibmJmIjoxNjcwNDg4NTg2LCJpZCI6IjEifQ.iKW6Y3BKtiO0H_y_iNlXmyRSLTNO-iuont_ipBsPd9I', 'Application', [...])
 3 SYSTEMPATH\CodeIgniter.php(927): App\Controllers\Admin->updatepreferences()
 4 SYSTEMPATH\CodeIgniter.php(482): CodeIgniter\CodeIgniter->runController(Object(App\Controllers\Admin))
 5 SYSTEMPATH\CodeIgniter.php(351): CodeIgniter\CodeIgniter->handleRequest(null, Object(Config\Cache), false)
 6 FCPATH\index.php(73): CodeIgniter\CodeIgniter->run()
 7 SYSTEMPATH\Commands\Server\rewrite.php(46): require_once('FCPATH\\index.php')
CRITICAL - 2022-12-08 02:53:09 --> "kid" empty, unable to lookup correct key
in FCPATH\buildfiles\vendor\firebase\php-jwt\src\JWT.php on line 434.
 1 FCPATH\buildfiles\vendor\firebase\php-jwt\src\JWT.php(128): Firebase\JWT\JWT::getKey('Application', null)
 2 APPPATH\Controllers\Admin.php(20): Firebase\JWT\JWT::decode('eyJ0eXAiOiJKV1QiLCJhbGciOiJIUzI1NiJ9.eyJpc3MiOmZhbHNlLCJhdWQiOiJhZG1pbiIsImFpdCI6MTY3MDQ4ODU4NiwibmJmIjoxNjcwNDg4NTg2LCJpZCI6IjEifQ.iKW6Y3BKtiO0H_y_iNlXmyRSLTNO-iuont_ipBsPd9I', 'Application', [...])
 3 SYSTEMPATH\CodeIgniter.php(927): App\Controllers\Admin->updatepreferences()
 4 SYSTEMPATH\CodeIgniter.php(482): CodeIgniter\CodeIgniter->runController(Object(App\Controllers\Admin))
 5 SYSTEMPATH\CodeIgniter.php(351): CodeIgniter\CodeIgniter->handleRequest(null, Object(Config\Cache), false)
 6 FCPATH\index.php(73): CodeIgniter\CodeIgniter->run()
 7 SYSTEMPATH\Commands\Server\rewrite.php(46): require_once('FCPATH\\index.php')
CRITICAL - 2022-12-08 02:54:04 --> Undefined constant "App\Controllers\eeasre"
in APPPATH\Controllers\Admin.php on line 20.
 1 SYSTEMPATH\CodeIgniter.php(927): App\Controllers\Admin->updatepreferences()
 2 SYSTEMPATH\CodeIgniter.php(482): CodeIgniter\CodeIgniter->runController(Object(App\Controllers\Admin))
 3 SYSTEMPATH\CodeIgniter.php(351): CodeIgniter\CodeIgniter->handleRequest(null, Object(Config\Cache), false)
 4 FCPATH\index.php(73): CodeIgniter\CodeIgniter->run()
 5 SYSTEMPATH\Commands\Server\rewrite.php(46): require_once('FCPATH\\index.php')
CRITICAL - 2022-12-08 02:54:12 --> "kid" empty, unable to lookup correct key
in FCPATH\buildfiles\vendor\firebase\php-jwt\src\JWT.php on line 434.
 1 FCPATH\buildfiles\vendor\firebase\php-jwt\src\JWT.php(128): Firebase\JWT\JWT::getKey('eeasre', null)
 2 APPPATH\Controllers\Admin.php(20): Firebase\JWT\JWT::decode('eyJ0eXAiOiJKV1QiLCJhbGciOiJIUzI1NiJ9.eyJpc3MiOmZhbHNlLCJhdWQiOiJhZG1pbiIsImFpdCI6MTY3MDQ4ODU4NiwibmJmIjoxNjcwNDg4NTg2LCJpZCI6IjEifQ.iKW6Y3BKtiO0H_y_iNlXmyRSLTNO-iuont_ipBsPd9I', 'eeasre', [...])
 3 SYSTEMPATH\CodeIgniter.php(927): App\Controllers\Admin->updatepreferences()
 4 SYSTEMPATH\CodeIgniter.php(482): CodeIgniter\CodeIgniter->runController(Object(App\Controllers\Admin))
 5 SYSTEMPATH\CodeIgniter.php(351): CodeIgniter\CodeIgniter->handleRequest(null, Object(Config\Cache), false)
 6 FCPATH\index.php(73): CodeIgniter\CodeIgniter->run()
 7 SYSTEMPATH\Commands\Server\rewrite.php(46): require_once('FCPATH\\index.php')
CRITICAL - 2022-12-08 02:54:24 --> "kid" empty, unable to lookup correct key
in FCPATH\buildfiles\vendor\firebase\php-jwt\src\JWT.php on line 434.
 1 FCPATH\buildfiles\vendor\firebase\php-jwt\src\JWT.php(128): Firebase\JWT\JWT::getKey('Application', null)
 2 APPPATH\Controllers\Admin.php(20): Firebase\JWT\JWT::decode('eyJ0eXAiOiJKV1QiLCJhbGciOiJIUzI1NiJ9.eyJpc3MiOmZhbHNlLCJhdWQiOiJhZG1pbiIsImFpdCI6MTY3MDQ4ODU4NiwibmJmIjoxNjcwNDg4NTg2LCJpZCI6IjEifQ.iKW6Y3BKtiO0H_y_iNlXmyRSLTNO-iuont_ipBsPd9I', 'Application', [...])
 3 SYSTEMPATH\CodeIgniter.php(927): App\Controllers\Admin->updatepreferences()
 4 SYSTEMPATH\CodeIgniter.php(482): CodeIgniter\CodeIgniter->runController(Object(App\Controllers\Admin))
 5 SYSTEMPATH\CodeIgniter.php(351): CodeIgniter\CodeIgniter->handleRequest(null, Object(Config\Cache), false)
 6 FCPATH\index.php(73): CodeIgniter\CodeIgniter->run()
 7 SYSTEMPATH\Commands\Server\rewrite.php(46): require_once('FCPATH\\index.php')
CRITICAL - 2022-12-08 02:55:15 --> "kid" empty, unable to lookup correct key
in FCPATH\buildfiles\vendor\firebase\php-jwt\src\JWT.php on line 434.
 1 FCPATH\buildfiles\vendor\firebase\php-jwt\src\JWT.php(128): Firebase\JWT\JWT::getKey('Application', null)
 2 APPPATH\Controllers\Admin.php(20): Firebase\JWT\JWT::decode('eyJ0eXAiOiJKV1QiLCJhbGciOiJIUzI1NiJ9.eyJpc3MiOmZhbHNlLCJhdWQiOiJhZG1pbiIsImFpdCI6MTY3MDQ4ODU4NiwibmJmIjoxNjcwNDg4NTg2LCJpZCI6IjEifQ.iKW6Y3BKtiO0H_y_iNlXmyRSLTNO-iuont_ipBsP', 'Application', [...])
 3 SYSTEMPATH\CodeIgniter.php(927): App\Controllers\Admin->updatepreferences()
 4 SYSTEMPATH\CodeIgniter.php(482): CodeIgniter\CodeIgniter->runController(Object(App\Controllers\Admin))
 5 SYSTEMPATH\CodeIgniter.php(351): CodeIgniter\CodeIgniter->handleRequest(null, Object(Config\Cache), false)
 6 FCPATH\index.php(73): CodeIgniter\CodeIgniter->run()
 7 SYSTEMPATH\Commands\Server\rewrite.php(46): require_once('FCPATH\\index.php')
CRITICAL - 2022-12-08 02:57:00 --> "kid" empty, unable to lookup correct key
in FCPATH\buildfiles\vendor\firebase\php-jwt\src\JWT.php on line 434.
 1 FCPATH\buildfiles\vendor\firebase\php-jwt\src\JWT.php(128): Firebase\JWT\JWT::getKey('Application', null)
 2 APPPATH\Controllers\Admin.php(20): Firebase\JWT\JWT::decode('eyJ0eXAiOiJKV1QiLCJhbGciOiJIUzI1NiJ9.eyJpc3MiOmZhbHNlLCJhdWQiOiJhZG1pbiIsImFpdCI6MTY3MDQ4OTgwNiwibmJmIjoxNjcwNDg5ODA2LCJpZCI6IjEifQ.EDS5LZVtftH3uZQCoEqADBNxFIqNo0j4s27EPVrY5jU', 'Application', [...])
 3 SYSTEMPATH\CodeIgniter.php(927): App\Controllers\Admin->updatepreferences()
 4 SYSTEMPATH\CodeIgniter.php(482): CodeIgniter\CodeIgniter->runController(Object(App\Controllers\Admin))
 5 SYSTEMPATH\CodeIgniter.php(351): CodeIgniter\CodeIgniter->handleRequest(null, Object(Config\Cache), false)
 6 FCPATH\index.php(73): CodeIgniter\CodeIgniter->run()
 7 SYSTEMPATH\Commands\Server\rewrite.php(46): require_once('FCPATH\\index.php')
CRITICAL - 2022-12-08 02:58:21 --> Class "App\Controllers\Key" not found
in APPPATH\Controllers\Admin.php on line 20.
 1 SYSTEMPATH\CodeIgniter.php(927): App\Controllers\Admin->updatepreferences()
 2 SYSTEMPATH\CodeIgniter.php(482): CodeIgniter\CodeIgniter->runController(Object(App\Controllers\Admin))
 3 SYSTEMPATH\CodeIgniter.php(351): CodeIgniter\CodeIgniter->handleRequest(null, Object(Config\Cache), false)
 4 FCPATH\index.php(73): CodeIgniter\CodeIgniter->run()
 5 SYSTEMPATH\Commands\Server\rewrite.php(46): require_once('FCPATH\\index.php')
CRITICAL - 2022-12-08 03:04:45 --> Undefined property: App\Controllers\Admin::$accountsModel
in APPPATH\Controllers\Admin.php on line 21.
 1 APPPATH\Controllers\Admin.php(21): CodeIgniter\Debug\Exceptions->errorHandler(2, 'Undefined property: App\\Controllers\\Admin::$accountsModel', 'APPPATH\\Controllers\\Admin.php', 21)
 2 SYSTEMPATH\CodeIgniter.php(927): App\Controllers\Admin->updatepreferences()
 3 SYSTEMPATH\CodeIgniter.php(482): CodeIgniter\CodeIgniter->runController(Object(App\Controllers\Admin))
 4 SYSTEMPATH\CodeIgniter.php(351): CodeIgniter\CodeIgniter->handleRequest(null, Object(Config\Cache), false)
 5 FCPATH\index.php(73): CodeIgniter\CodeIgniter->run()
 6 SYSTEMPATH\Commands\Server\rewrite.php(46): require_once('FCPATH\\index.php')
CRITICAL - 2022-12-08 03:04:56 --> Undefined property: App\Controllers\Admin::$accountsModel
in APPPATH\Controllers\Admin.php on line 21.
 1 APPPATH\Controllers\Admin.php(21): CodeIgniter\Debug\Exceptions->errorHandler(2, 'Undefined property: App\\Controllers\\Admin::$accountsModel', 'APPPATH\\Controllers\\Admin.php', 21)
 2 SYSTEMPATH\CodeIgniter.php(927): App\Controllers\Admin->updatepreferences()
 3 SYSTEMPATH\CodeIgniter.php(482): CodeIgniter\CodeIgniter->runController(Object(App\Controllers\Admin))
 4 SYSTEMPATH\CodeIgniter.php(351): CodeIgniter\CodeIgniter->handleRequest(null, Object(Config\Cache), false)
 5 FCPATH\index.php(73): CodeIgniter\CodeIgniter->run()
 6 SYSTEMPATH\Commands\Server\rewrite.php(46): require_once('FCPATH\\index.php')
CRITICAL - 2022-12-08 03:06:14 --> There is no data to update.
in SYSTEMPATH\BaseModel.php on line 867.
 1 SYSTEMPATH\BaseModel.php(867): CodeIgniter\Database\Exceptions\DataException::forEmptyDataset('update')
 2 SYSTEMPATH\Model.php(693): CodeIgniter\BaseModel->update([...], [])
 3 APPPATH\Controllers\Admin.php(21): CodeIgniter\Model->update('1', [...])
 4 SYSTEMPATH\CodeIgniter.php(927): App\Controllers\Admin->updatepreferences()
 5 SYSTEMPATH\CodeIgniter.php(482): CodeIgniter\CodeIgniter->runController(Object(App\Controllers\Admin))
 6 SYSTEMPATH\CodeIgniter.php(351): CodeIgniter\CodeIgniter->handleRequest(null, Object(Config\Cache), false)
 7 FCPATH\index.php(73): CodeIgniter\CodeIgniter->run()
 8 SYSTEMPATH\Commands\Server\rewrite.php(46): require_once('FCPATH\\index.php')
CRITICAL - 2022-12-08 03:06:22 --> There is no data to update.
in SYSTEMPATH\BaseModel.php on line 867.
 1 SYSTEMPATH\BaseModel.php(867): CodeIgniter\Database\Exceptions\DataException::forEmptyDataset('update')
 2 SYSTEMPATH\Model.php(693): CodeIgniter\BaseModel->update([...], [])
 3 APPPATH\Controllers\Admin.php(21): CodeIgniter\Model->update('1', [...])
 4 SYSTEMPATH\CodeIgniter.php(927): App\Controllers\Admin->updatepreferences()
 5 SYSTEMPATH\CodeIgniter.php(482): CodeIgniter\CodeIgniter->runController(Object(App\Controllers\Admin))
 6 SYSTEMPATH\CodeIgniter.php(351): CodeIgniter\CodeIgniter->handleRequest(null, Object(Config\Cache), false)
 7 FCPATH\index.php(73): CodeIgniter\CodeIgniter->run()
 8 SYSTEMPATH\Commands\Server\rewrite.php(46): require_once('FCPATH\\index.php')
CRITICAL - 2022-12-08 03:06:46 --> There is no data to update.
in SYSTEMPATH\BaseModel.php on line 867.
 1 SYSTEMPATH\BaseModel.php(867): CodeIgniter\Database\Exceptions\DataException::forEmptyDataset('update')
 2 SYSTEMPATH\Model.php(693): CodeIgniter\BaseModel->update([...], [])
 3 APPPATH\Controllers\Admin.php(21): CodeIgniter\Model->update('1', [...])
 4 SYSTEMPATH\CodeIgniter.php(927): App\Controllers\Admin->updatepreferences()
 5 SYSTEMPATH\CodeIgniter.php(482): CodeIgniter\CodeIgniter->runController(Object(App\Controllers\Admin))
 6 SYSTEMPATH\CodeIgniter.php(351): CodeIgniter\CodeIgniter->handleRequest(null, Object(Config\Cache), false)
 7 FCPATH\index.php(73): CodeIgniter\CodeIgniter->run()
 8 SYSTEMPATH\Commands\Server\rewrite.php(46): require_once('FCPATH\\index.php')
CRITICAL - 2022-12-08 03:07:05 --> There is no data to update.
in SYSTEMPATH\BaseModel.php on line 867.
 1 SYSTEMPATH\BaseModel.php(867): CodeIgniter\Database\Exceptions\DataException::forEmptyDataset('update')
 2 SYSTEMPATH\Model.php(693): CodeIgniter\BaseModel->update([...], [])
 3 APPPATH\Controllers\Admin.php(21): CodeIgniter\Model->update('1', [...])
 4 SYSTEMPATH\CodeIgniter.php(927): App\Controllers\Admin->updatepreferences()
 5 SYSTEMPATH\CodeIgniter.php(482): CodeIgniter\CodeIgniter->runController(Object(App\Controllers\Admin))
 6 SYSTEMPATH\CodeIgniter.php(351): CodeIgniter\CodeIgniter->handleRequest(null, Object(Config\Cache), false)
 7 FCPATH\index.php(73): CodeIgniter\CodeIgniter->run()
 8 SYSTEMPATH\Commands\Server\rewrite.php(46): require_once('FCPATH\\index.php')
CRITICAL - 2022-12-08 03:07:15 --> There is no data to update.
in SYSTEMPATH\BaseModel.php on line 867.
 1 SYSTEMPATH\BaseModel.php(867): CodeIgniter\Database\Exceptions\DataException::forEmptyDataset('update')
 2 SYSTEMPATH\Model.php(693): CodeIgniter\BaseModel->update([...], [])
 3 APPPATH\Controllers\Admin.php(21): CodeIgniter\Model->update(1, [...])
 4 SYSTEMPATH\CodeIgniter.php(927): App\Controllers\Admin->updatepreferences()
 5 SYSTEMPATH\CodeIgniter.php(482): CodeIgniter\CodeIgniter->runController(Object(App\Controllers\Admin))
 6 SYSTEMPATH\CodeIgniter.php(351): CodeIgniter\CodeIgniter->handleRequest(null, Object(Config\Cache), false)
 7 FCPATH\index.php(73): CodeIgniter\CodeIgniter->run()
 8 SYSTEMPATH\Commands\Server\rewrite.php(46): require_once('FCPATH\\index.php')
CRITICAL - 2022-12-08 03:08:07 --> There is no data to update.
in SYSTEMPATH\BaseModel.php on line 867.
 1 SYSTEMPATH\BaseModel.php(867): CodeIgniter\Database\Exceptions\DataException::forEmptyDataset('update')
 2 SYSTEMPATH\Model.php(693): CodeIgniter\BaseModel->update([...], [])
 3 APPPATH\Controllers\Admin.php(21): CodeIgniter\Model->update(1)
 4 SYSTEMPATH\CodeIgniter.php(927): App\Controllers\Admin->updatepreferences()
 5 SYSTEMPATH\CodeIgniter.php(482): CodeIgniter\CodeIgniter->runController(Object(App\Controllers\Admin))
 6 SYSTEMPATH\CodeIgniter.php(351): CodeIgniter\CodeIgniter->handleRequest(null, Object(Config\Cache), false)
 7 FCPATH\index.php(73): CodeIgniter\CodeIgniter->run()
 8 SYSTEMPATH\Commands\Server\rewrite.php(46): require_once('FCPATH\\index.php')
CRITICAL - 2022-12-08 03:08:09 --> There is no data to update.
in SYSTEMPATH\BaseModel.php on line 867.
 1 SYSTEMPATH\BaseModel.php(867): CodeIgniter\Database\Exceptions\DataException::forEmptyDataset('update')
 2 SYSTEMPATH\Model.php(693): CodeIgniter\BaseModel->update([...], [])
 3 APPPATH\Controllers\Admin.php(21): CodeIgniter\Model->update(1)
 4 SYSTEMPATH\CodeIgniter.php(927): App\Controllers\Admin->updatepreferences()
 5 SYSTEMPATH\CodeIgniter.php(482): CodeIgniter\CodeIgniter->runController(Object(App\Controllers\Admin))
 6 SYSTEMPATH\CodeIgniter.php(351): CodeIgniter\CodeIgniter->handleRequest(null, Object(Config\Cache), false)
 7 FCPATH\index.php(73): CodeIgniter\CodeIgniter->run()
 8 SYSTEMPATH\Commands\Server\rewrite.php(46): require_once('FCPATH\\index.php')
CRITICAL - 2022-12-08 03:08:20 --> There is no data to update.
in SYSTEMPATH\BaseModel.php on line 867.
 1 SYSTEMPATH\BaseModel.php(867): CodeIgniter\Database\Exceptions\DataException::forEmptyDataset('update')
 2 SYSTEMPATH\Model.php(693): CodeIgniter\BaseModel->update(null, [])
 3 APPPATH\Controllers\Admin.php(21): CodeIgniter\Model->update()
 4 SYSTEMPATH\CodeIgniter.php(927): App\Controllers\Admin->updatepreferences()
 5 SYSTEMPATH\CodeIgniter.php(482): CodeIgniter\CodeIgniter->runController(Object(App\Controllers\Admin))
 6 SYSTEMPATH\CodeIgniter.php(351): CodeIgniter\CodeIgniter->handleRequest(null, Object(Config\Cache), false)
 7 FCPATH\index.php(73): CodeIgniter\CodeIgniter->run()
 8 SYSTEMPATH\Commands\Server\rewrite.php(46): require_once('FCPATH\\index.php')
CRITICAL - 2022-12-08 03:08:28 --> There is no data to update.
in SYSTEMPATH\BaseModel.php on line 867.
 1 SYSTEMPATH\BaseModel.php(867): CodeIgniter\Database\Exceptions\DataException::forEmptyDataset('update')
 2 SYSTEMPATH\Model.php(693): CodeIgniter\BaseModel->update(null, [])
 3 APPPATH\Controllers\Admin.php(21): CodeIgniter\Model->update()
 4 SYSTEMPATH\CodeIgniter.php(927): App\Controllers\Admin->updatepreferences()
 5 SYSTEMPATH\CodeIgniter.php(482): CodeIgniter\CodeIgniter->runController(Object(App\Controllers\Admin))
 6 SYSTEMPATH\CodeIgniter.php(351): CodeIgniter\CodeIgniter->handleRequest(null, Object(Config\Cache), false)
 7 FCPATH\index.php(73): CodeIgniter\CodeIgniter->run()
 8 SYSTEMPATH\Commands\Server\rewrite.php(46): require_once('FCPATH\\index.php')
ERROR - 2022-12-08 03:08:52 --> mysqli_sql_exception: Unknown column 'account_pfreferences' in 'field list' in C:\Users\BadAss\Documents\WebDev\Projects\InDevelopment\unbornkay\backend\buildfiles\system\Database\MySQLi\Connection.php:292
Stack trace:
#0 C:\Users\BadAss\Documents\WebDev\Projects\InDevelopment\unbornkay\backend\buildfiles\system\Database\MySQLi\Connection.php(292): mysqli->query('UPDATE `account...', 0)
#1 C:\Users\BadAss\Documents\WebDev\Projects\InDevelopment\unbornkay\backend\buildfiles\system\Database\BaseConnection.php(666): CodeIgniter\Database\MySQLi\Connection->execute('UPDATE `account...')
#2 C:\Users\BadAss\Documents\WebDev\Projects\InDevelopment\unbornkay\backend\buildfiles\system\Database\BaseConnection.php(593): CodeIgniter\Database\BaseConnection->simpleQuery('UPDATE `account...')
#3 C:\Users\BadAss\Documents\WebDev\Projects\InDevelopment\unbornkay\backend\buildfiles\system\Database\BaseBuilder.php(2079): CodeIgniter\Database\BaseConnection->query('UPDATE `account...', Array, false)
#4 C:\Users\BadAss\Documents\WebDev\Projects\InDevelopment\unbornkay\backend\buildfiles\system\Model.php(338): CodeIgniter\Database\BaseBuilder->update()
#5 C:\Users\BadAss\Documents\WebDev\Projects\InDevelopment\unbornkay\backend\buildfiles\system\BaseModel.php(886): CodeIgniter\Model->doUpdate(NULL, Array)
#6 C:\Users\BadAss\Documents\WebDev\Projects\InDevelopment\unbornkay\backend\buildfiles\system\Model.php(693): CodeIgniter\BaseModel->update(NULL, Array)
#7 C:\Users\BadAss\Documents\WebDev\Projects\InDevelopment\unbornkay\backend\buildfiles\app\Controllers\Admin.php(21): CodeIgniter\Model->update()
#8 C:\Users\BadAss\Documents\WebDev\Projects\InDevelopment\unbornkay\backend\buildfiles\system\CodeIgniter.php(927): App\Controllers\Admin->updatepreferences()
#9 C:\Users\BadAss\Documents\WebDev\Projects\InDevelopment\unbornkay\backend\buildfiles\system\CodeIgniter.php(482): CodeIgniter\CodeIgniter->runController(Object(App\Controllers\Admin))
#10 C:\Users\BadAss\Documents\WebDev\Projects\InDevelopment\unbornkay\backend\buildfiles\system\CodeIgniter.php(351): CodeIgniter\CodeIgniter->handleRequest(NULL, Object(Config\Cache), false)
#11 C:\Users\BadAss\Documents\WebDev\Projects\InDevelopment\unbornkay\backend\index.php(73): CodeIgniter\CodeIgniter->run()
#12 C:\Users\BadAss\Documents\WebDev\Projects\InDevelopment\unbornkay\backend\buildfiles\system\Commands\Server\rewrite.php(46): require_once('C:\\Users\\BadAss...')
#13 {main}
CRITICAL - 2022-12-08 03:08:52 --> Unknown column 'account_pfreferences' in 'field list'
in SYSTEMPATH\Database\MySQLi\Connection.php on line 292.
 1 SYSTEMPATH\Database\MySQLi\Connection.php(292): mysqli->query('UPDATE `accounts` SET `account_pfreferences` = \'Hello\'', 0)
 2 SYSTEMPATH\Database\BaseConnection.php(666): CodeIgniter\Database\MySQLi\Connection->execute('UPDATE `accounts` SET `account_pfreferences` = \'Hello\'')
 3 SYSTEMPATH\Database\BaseConnection.php(593): CodeIgniter\Database\BaseConnection->simpleQuery('UPDATE `accounts` SET `account_pfreferences` = \'Hello\'')
 4 SYSTEMPATH\Database\BaseBuilder.php(2079): CodeIgniter\Database\BaseConnection->query('UPDATE `accounts` SET `account_pfreferences` = :account_pfreferences:', [...], false)
 5 SYSTEMPATH\Model.php(338): CodeIgniter\Database\BaseBuilder->update()
 6 SYSTEMPATH\BaseModel.php(886): CodeIgniter\Model->doUpdate(null, [...])
 7 SYSTEMPATH\Model.php(693): CodeIgniter\BaseModel->update(null, [...])
 8 APPPATH\Controllers\Admin.php(21): CodeIgniter\Model->update()
 9 SYSTEMPATH\CodeIgniter.php(927): App\Controllers\Admin->updatepreferences()
10 SYSTEMPATH\CodeIgniter.php(482): CodeIgniter\CodeIgniter->runController(Object(App\Controllers\Admin))
11 SYSTEMPATH\CodeIgniter.php(351): CodeIgniter\CodeIgniter->handleRequest(null, Object(Config\Cache), false)
12 FCPATH\index.php(73): CodeIgniter\CodeIgniter->run()
13 SYSTEMPATH\Commands\Server\rewrite.php(46): require_once('FCPATH\\index.php')
CRITICAL - 2022-12-08 03:09:04 --> There is no data to update.
in SYSTEMPATH\BaseModel.php on line 867.
 1 SYSTEMPATH\BaseModel.php(867): CodeIgniter\Database\Exceptions\DataException::forEmptyDataset('update')
 2 SYSTEMPATH\Model.php(693): CodeIgniter\BaseModel->update([...], [])
 3 APPPATH\Controllers\Admin.php(21): CodeIgniter\Model->update(1)
 4 SYSTEMPATH\CodeIgniter.php(927): App\Controllers\Admin->updatepreferences()
 5 SYSTEMPATH\CodeIgniter.php(482): CodeIgniter\CodeIgniter->runController(Object(App\Controllers\Admin))
 6 SYSTEMPATH\CodeIgniter.php(351): CodeIgniter\CodeIgniter->handleRequest(null, Object(Config\Cache), false)
 7 FCPATH\index.php(73): CodeIgniter\CodeIgniter->run()
 8 SYSTEMPATH\Commands\Server\rewrite.php(46): require_once('FCPATH\\index.php')
CRITICAL - 2022-12-08 03:09:10 --> There is no data to update.
in SYSTEMPATH\BaseModel.php on line 867.
 1 SYSTEMPATH\BaseModel.php(867): CodeIgniter\Database\Exceptions\DataException::forEmptyDataset('update')
 2 SYSTEMPATH\Model.php(693): CodeIgniter\BaseModel->update(null, [])
 3 APPPATH\Controllers\Admin.php(21): CodeIgniter\Model->update()
 4 SYSTEMPATH\CodeIgniter.php(927): App\Controllers\Admin->updatepreferences()
 5 SYSTEMPATH\CodeIgniter.php(482): CodeIgniter\CodeIgniter->runController(Object(App\Controllers\Admin))
 6 SYSTEMPATH\CodeIgniter.php(351): CodeIgniter\CodeIgniter->handleRequest(null, Object(Config\Cache), false)
 7 FCPATH\index.php(73): CodeIgniter\CodeIgniter->run()
 8 SYSTEMPATH\Commands\Server\rewrite.php(46): require_once('FCPATH\\index.php')
ERROR - 2022-12-08 03:09:36 --> mysqli_sql_exception: Unknown column 'accounts.id' in 'where clause' in C:\Users\BadAss\Documents\WebDev\Projects\InDevelopment\unbornkay\backend\buildfiles\system\Database\MySQLi\Connection.php:292
Stack trace:
#0 C:\Users\BadAss\Documents\WebDev\Projects\InDevelopment\unbornkay\backend\buildfiles\system\Database\MySQLi\Connection.php(292): mysqli->query('UPDATE `account...', 0)
#1 C:\Users\BadAss\Documents\WebDev\Projects\InDevelopment\unbornkay\backend\buildfiles\system\Database\BaseConnection.php(666): CodeIgniter\Database\MySQLi\Connection->execute('UPDATE `account...')
#2 C:\Users\BadAss\Documents\WebDev\Projects\InDevelopment\unbornkay\backend\buildfiles\system\Database\BaseConnection.php(593): CodeIgniter\Database\BaseConnection->simpleQuery('UPDATE `account...')
#3 C:\Users\BadAss\Documents\WebDev\Projects\InDevelopment\unbornkay\backend\buildfiles\system\Database\BaseBuilder.php(2079): CodeIgniter\Database\BaseConnection->query('UPDATE `account...', Array, false)
#4 C:\Users\BadAss\Documents\WebDev\Projects\InDevelopment\unbornkay\backend\buildfiles\system\Model.php(338): CodeIgniter\Database\BaseBuilder->update()
#5 C:\Users\BadAss\Documents\WebDev\Projects\InDevelopment\unbornkay\backend\buildfiles\system\BaseModel.php(886): CodeIgniter\Model->doUpdate(Array, Array)
#6 C:\Users\BadAss\Documents\WebDev\Projects\InDevelopment\unbornkay\backend\buildfiles\system\Model.php(693): CodeIgniter\BaseModel->update(Array, Array)
#7 C:\Users\BadAss\Documents\WebDev\Projects\InDevelopment\unbornkay\backend\buildfiles\app\Controllers\Admin.php(21): CodeIgniter\Model->update(1)
#8 C:\Users\BadAss\Documents\WebDev\Projects\InDevelopment\unbornkay\backend\buildfiles\system\CodeIgniter.php(927): App\Controllers\Admin->updatepreferences()
#9 C:\Users\BadAss\Documents\WebDev\Projects\InDevelopment\unbornkay\backend\buildfiles\system\CodeIgniter.php(482): CodeIgniter\CodeIgniter->runController(Object(App\Controllers\Admin))
#10 C:\Users\BadAss\Documents\WebDev\Projects\InDevelopment\unbornkay\backend\buildfiles\system\CodeIgniter.php(351): CodeIgniter\CodeIgniter->handleRequest(NULL, Object(Config\Cache), false)
#11 C:\Users\BadAss\Documents\WebDev\Projects\InDevelopment\unbornkay\backend\index.php(73): CodeIgniter\CodeIgniter->run()
#12 C:\Users\BadAss\Documents\WebDev\Projects\InDevelopment\unbornkay\backend\buildfiles\system\Commands\Server\rewrite.php(46): require_once('C:\\Users\\BadAss...')
#13 {main}
CRITICAL - 2022-12-08 03:09:36 --> Unknown column 'accounts.id' in 'where clause'
in SYSTEMPATH\Database\MySQLi\Connection.php on line 292.
 1 SYSTEMPATH\Database\MySQLi\Connection.php(292): mysqli->query('UPDATE `accounts` SET `account_preferences` = \'Hello\'
WHERE `accounts`.`id` IN (1)', 0)
 2 SYSTEMPATH\Database\BaseConnection.php(666): CodeIgniter\Database\MySQLi\Connection->execute('UPDATE `accounts` SET `account_preferences` = \'Hello\'
WHERE `accounts`.`id` IN (1)')
 3 SYSTEMPATH\Database\BaseConnection.php(593): CodeIgniter\Database\BaseConnection->simpleQuery('UPDATE `accounts` SET `account_preferences` = \'Hello\'
WHERE `accounts`.`id` IN (1)')
 4 SYSTEMPATH\Database\BaseBuilder.php(2079): CodeIgniter\Database\BaseConnection->query('UPDATE `accounts` SET `account_preferences` = :account_preferences:
WHERE `accounts`.`id` IN :accounts.id:', [...], false)
 5 SYSTEMPATH\Model.php(338): CodeIgniter\Database\BaseBuilder->update()
 6 SYSTEMPATH\BaseModel.php(886): CodeIgniter\Model->doUpdate([...], [...])
 7 SYSTEMPATH\Model.php(693): CodeIgniter\BaseModel->update([...], [...])
 8 APPPATH\Controllers\Admin.php(21): CodeIgniter\Model->update(1)
 9 SYSTEMPATH\CodeIgniter.php(927): App\Controllers\Admin->updatepreferences()
10 SYSTEMPATH\CodeIgniter.php(482): CodeIgniter\CodeIgniter->runController(Object(App\Controllers\Admin))
11 SYSTEMPATH\CodeIgniter.php(351): CodeIgniter\CodeIgniter->handleRequest(null, Object(Config\Cache), false)
12 FCPATH\index.php(73): CodeIgniter\CodeIgniter->run()
13 SYSTEMPATH\Commands\Server\rewrite.php(46): require_once('FCPATH\\index.php')
ERROR - 2022-12-08 03:10:02 --> mysqli_sql_exception: Unknown column 'accounts.account.id' in 'where clause' in C:\Users\BadAss\Documents\WebDev\Projects\InDevelopment\unbornkay\backend\buildfiles\system\Database\MySQLi\Connection.php:292
Stack trace:
#0 C:\Users\BadAss\Documents\WebDev\Projects\InDevelopment\unbornkay\backend\buildfiles\system\Database\MySQLi\Connection.php(292): mysqli->query('UPDATE `account...', 0)
#1 C:\Users\BadAss\Documents\WebDev\Projects\InDevelopment\unbornkay\backend\buildfiles\system\Database\BaseConnection.php(666): CodeIgniter\Database\MySQLi\Connection->execute('UPDATE `account...')
#2 C:\Users\BadAss\Documents\WebDev\Projects\InDevelopment\unbornkay\backend\buildfiles\system\Database\BaseConnection.php(593): CodeIgniter\Database\BaseConnection->simpleQuery('UPDATE `account...')
#3 C:\Users\BadAss\Documents\WebDev\Projects\InDevelopment\unbornkay\backend\buildfiles\system\Database\BaseBuilder.php(2079): CodeIgniter\Database\BaseConnection->query('UPDATE `account...', Array, false)
#4 C:\Users\BadAss\Documents\WebDev\Projects\InDevelopment\unbornkay\backend\buildfiles\system\Model.php(338): CodeIgniter\Database\BaseBuilder->update()
#5 C:\Users\BadAss\Documents\WebDev\Projects\InDevelopment\unbornkay\backend\buildfiles\system\BaseModel.php(886): CodeIgniter\Model->doUpdate(Array, Array)
#6 C:\Users\BadAss\Documents\WebDev\Projects\InDevelopment\unbornkay\backend\buildfiles\system\Model.php(693): CodeIgniter\BaseModel->update(Array, Array)
#7 C:\Users\BadAss\Documents\WebDev\Projects\InDevelopment\unbornkay\backend\buildfiles\app\Controllers\Admin.php(21): CodeIgniter\Model->update(1)
#8 C:\Users\BadAss\Documents\WebDev\Projects\InDevelopment\unbornkay\backend\buildfiles\system\CodeIgniter.php(927): App\Controllers\Admin->updatepreferences()
#9 C:\Users\BadAss\Documents\WebDev\Projects\InDevelopment\unbornkay\backend\buildfiles\system\CodeIgniter.php(482): CodeIgniter\CodeIgniter->runController(Object(App\Controllers\Admin))
#10 C:\Users\BadAss\Documents\WebDev\Projects\InDevelopment\unbornkay\backend\buildfiles\system\CodeIgniter.php(351): CodeIgniter\CodeIgniter->handleRequest(NULL, Object(Config\Cache), false)
#11 C:\Users\BadAss\Documents\WebDev\Projects\InDevelopment\unbornkay\backend\index.php(73): CodeIgniter\CodeIgniter->run()
#12 C:\Users\BadAss\Documents\WebDev\Projects\InDevelopment\unbornkay\backend\buildfiles\system\Commands\Server\rewrite.php(46): require_once('C:\\Users\\BadAss...')
#13 {main}
CRITICAL - 2022-12-08 03:10:02 --> Unknown column 'accounts.account.id' in 'where clause'
in SYSTEMPATH\Database\MySQLi\Connection.php on line 292.
 1 SYSTEMPATH\Database\MySQLi\Connection.php(292): mysqli->query('UPDATE `accounts` SET `account_preferences` = \'Hello\'
WHERE `accounts`.`account`.`id` IN (1)', 0)
 2 SYSTEMPATH\Database\BaseConnection.php(666): CodeIgniter\Database\MySQLi\Connection->execute('UPDATE `accounts` SET `account_preferences` = \'Hello\'
WHERE `accounts`.`account`.`id` IN (1)')
 3 SYSTEMPATH\Database\BaseConnection.php(593): CodeIgniter\Database\BaseConnection->simpleQuery('UPDATE `accounts` SET `account_preferences` = \'Hello\'
WHERE `accounts`.`account`.`id` IN (1)')
 4 SYSTEMPATH\Database\BaseBuilder.php(2079): CodeIgniter\Database\BaseConnection->query('UPDATE `accounts` SET `account_preferences` = :account_preferences:
WHERE `accounts`.`account`.`id` IN :accounts.account.id:', [...], false)
 5 SYSTEMPATH\Model.php(338): CodeIgniter\Database\BaseBuilder->update()
 6 SYSTEMPATH\BaseModel.php(886): CodeIgniter\Model->doUpdate([...], [...])
 7 SYSTEMPATH\Model.php(693): CodeIgniter\BaseModel->update([...], [...])
 8 APPPATH\Controllers\Admin.php(21): CodeIgniter\Model->update(1)
 9 SYSTEMPATH\CodeIgniter.php(927): App\Controllers\Admin->updatepreferences()
10 SYSTEMPATH\CodeIgniter.php(482): CodeIgniter\CodeIgniter->runController(Object(App\Controllers\Admin))
11 SYSTEMPATH\CodeIgniter.php(351): CodeIgniter\CodeIgniter->handleRequest(null, Object(Config\Cache), false)
12 FCPATH\index.php(73): CodeIgniter\CodeIgniter->run()
13 SYSTEMPATH\Commands\Server\rewrite.php(46): require_once('FCPATH\\index.php')
CRITICAL - 2022-12-08 03:13:26 --> Object of class stdClass could not be converted to string
in SYSTEMPATH\Database\Query.php on line 335.
 1 SYSTEMPATH\Database\Query.php(335): strtr('UPDATE `accounts` SET `account_preferences` = :account_preferences:
WHERE `accounts`.`account_id` IN :accounts.account_id:', [...])
 2 SYSTEMPATH\Database\Query.php(310): CodeIgniter\Database\Query->matchNamedBinds('UPDATE `accounts` SET `account_preferences` = :account_preferences:
WHERE `accounts`.`account_id` IN :accounts.account_id:', [...])
 3 SYSTEMPATH\Database\Query.php(159): CodeIgniter\Database\Query->compileBinds()
 4 SYSTEMPATH\Database\BaseConnection.php(593): CodeIgniter\Database\Query->getQuery()
 5 SYSTEMPATH\Database\BaseBuilder.php(2079): CodeIgniter\Database\BaseConnection->query('UPDATE `accounts` SET `account_preferences` = :account_preferences:
WHERE `accounts`.`account_id` IN :accounts.account_id:', [...], false)
 6 SYSTEMPATH\Model.php(338): CodeIgniter\Database\BaseBuilder->update()
 7 SYSTEMPATH\BaseModel.php(886): CodeIgniter\Model->doUpdate([...], [...])
 8 SYSTEMPATH\Model.php(693): CodeIgniter\BaseModel->update([...], [...])
 9 APPPATH\Controllers\Admin.php(21): CodeIgniter\Model->update('1', [...])
10 SYSTEMPATH\CodeIgniter.php(927): App\Controllers\Admin->updatepreferences()
11 SYSTEMPATH\CodeIgniter.php(482): CodeIgniter\CodeIgniter->runController(Object(App\Controllers\Admin))
12 SYSTEMPATH\CodeIgniter.php(351): CodeIgniter\CodeIgniter->handleRequest(null, Object(Config\Cache), false)
13 FCPATH\index.php(73): CodeIgniter\CodeIgniter->run()
14 SYSTEMPATH\Commands\Server\rewrite.php(46): require_once('FCPATH\\index.php')
CRITICAL - 2022-12-08 03:16:41 --> Object of class stdClass could not be converted to string
in SYSTEMPATH\Database\Query.php on line 335.
 1 SYSTEMPATH\Database\Query.php(335): strtr('UPDATE `accounts` SET `account_preferences` = :account_preferences:
WHERE `accounts`.`account_id` IN :accounts.account_id:', [...])
 2 SYSTEMPATH\Database\Query.php(310): CodeIgniter\Database\Query->matchNamedBinds('UPDATE `accounts` SET `account_preferences` = :account_preferences:
WHERE `accounts`.`account_id` IN :accounts.account_id:', [...])
 3 SYSTEMPATH\Database\Query.php(159): CodeIgniter\Database\Query->compileBinds()
 4 SYSTEMPATH\Database\BaseConnection.php(593): CodeIgniter\Database\Query->getQuery()
 5 SYSTEMPATH\Database\BaseBuilder.php(2079): CodeIgniter\Database\BaseConnection->query('UPDATE `accounts` SET `account_preferences` = :account_preferences:
WHERE `accounts`.`account_id` IN :accounts.account_id:', [...], false)
 6 SYSTEMPATH\Model.php(338): CodeIgniter\Database\BaseBuilder->update()
 7 SYSTEMPATH\BaseModel.php(886): CodeIgniter\Model->doUpdate([...], [...])
 8 SYSTEMPATH\Model.php(693): CodeIgniter\BaseModel->update([...], [...])
 9 APPPATH\Controllers\Admin.php(23): CodeIgniter\Model->update('1', [...])
10 SYSTEMPATH\CodeIgniter.php(927): App\Controllers\Admin->updatepreferences()
11 SYSTEMPATH\CodeIgniter.php(482): CodeIgniter\CodeIgniter->runController(Object(App\Controllers\Admin))
12 SYSTEMPATH\CodeIgniter.php(351): CodeIgniter\CodeIgniter->handleRequest(null, Object(Config\Cache), false)
13 FCPATH\index.php(73): CodeIgniter\CodeIgniter->run()
14 SYSTEMPATH\Commands\Server\rewrite.php(46): require_once('FCPATH\\index.php')
ERROR - 2022-12-08 03:17:07 --> mysqli_sql_exception: You have an error in your SQL syntax; check the manual that corresponds to your MariaDB server version for the right syntax to use near ')
WHERE `accounts`.`account_id` IN ('1')' at line 1 in C:\Users\BadAss\Documents\WebDev\Projects\InDevelopment\unbornkay\backend\buildfiles\system\Database\MySQLi\Connection.php:292
Stack trace:
#0 C:\Users\BadAss\Documents\WebDev\Projects\InDevelopment\unbornkay\backend\buildfiles\system\Database\MySQLi\Connection.php(292): mysqli->query('UPDATE `account...', 0)
#1 C:\Users\BadAss\Documents\WebDev\Projects\InDevelopment\unbornkay\backend\buildfiles\system\Database\BaseConnection.php(666): CodeIgniter\Database\MySQLi\Connection->execute('UPDATE `account...')
#2 C:\Users\BadAss\Documents\WebDev\Projects\InDevelopment\unbornkay\backend\buildfiles\system\Database\BaseConnection.php(593): CodeIgniter\Database\BaseConnection->simpleQuery('UPDATE `account...')
#3 C:\Users\BadAss\Documents\WebDev\Projects\InDevelopment\unbornkay\backend\buildfiles\system\Database\BaseBuilder.php(2079): CodeIgniter\Database\BaseConnection->query('UPDATE `account...', Array, false)
#4 C:\Users\BadAss\Documents\WebDev\Projects\InDevelopment\unbornkay\backend\buildfiles\system\Model.php(338): CodeIgniter\Database\BaseBuilder->update()
#5 C:\Users\BadAss\Documents\WebDev\Projects\InDevelopment\unbornkay\backend\buildfiles\system\BaseModel.php(886): CodeIgniter\Model->doUpdate(Array, Array)
#6 C:\Users\BadAss\Documents\WebDev\Projects\InDevelopment\unbornkay\backend\buildfiles\system\Model.php(693): CodeIgniter\BaseModel->update(Array, Array)
#7 C:\Users\BadAss\Documents\WebDev\Projects\InDevelopment\unbornkay\backend\buildfiles\app\Controllers\Admin.php(23): CodeIgniter\Model->update('1', Array)
#8 C:\Users\BadAss\Documents\WebDev\Projects\InDevelopment\unbornkay\backend\buildfiles\system\CodeIgniter.php(927): App\Controllers\Admin->updatepreferences()
#9 C:\Users\BadAss\Documents\WebDev\Projects\InDevelopment\unbornkay\backend\buildfiles\system\CodeIgniter.php(482): CodeIgniter\CodeIgniter->runController(Object(App\Controllers\Admin))
#10 C:\Users\BadAss\Documents\WebDev\Projects\InDevelopment\unbornkay\backend\buildfiles\system\CodeIgniter.php(351): CodeIgniter\CodeIgniter->handleRequest(NULL, Object(Config\Cache), false)
#11 C:\Users\BadAss\Documents\WebDev\Projects\InDevelopment\unbornkay\backend\index.php(73): CodeIgniter\CodeIgniter->run()
#12 C:\Users\BadAss\Documents\WebDev\Projects\InDevelopment\unbornkay\backend\buildfiles\system\Commands\Server\rewrite.php(46): require_once('C:\\Users\\BadAss...')
#13 {main}
CRITICAL - 2022-12-08 03:17:07 --> You have an error in your SQL syntax; check the manual that corresponds to your MariaDB server version for the right syntax to use near ')
WHERE `accounts`.`account_id` IN ('1')' at line 1
in SYSTEMPATH\Database\MySQLi\Connection.php on line 292.
 1 SYSTEMPATH\Database\MySQLi\Connection.php(292): mysqli->query('UPDATE `accounts` SET `account_preferences` = ()
WHERE `accounts`.`account_id` IN (\'1\')', 0)
 2 SYSTEMPATH\Database\BaseConnection.php(666): CodeIgniter\Database\MySQLi\Connection->execute('UPDATE `accounts` SET `account_preferences` = ()
WHERE `accounts`.`account_id` IN (\'1\')')
 3 SYSTEMPATH\Database\BaseConnection.php(593): CodeIgniter\Database\BaseConnection->simpleQuery('UPDATE `accounts` SET `account_preferences` = ()
WHERE `accounts`.`account_id` IN (\'1\')')
 4 SYSTEMPATH\Database\BaseBuilder.php(2079): CodeIgniter\Database\BaseConnection->query('UPDATE `accounts` SET `account_preferences` = :account_preferences:
WHERE `accounts`.`account_id` IN :accounts.account_id:', [...], false)
 5 SYSTEMPATH\Model.php(338): CodeIgniter\Database\BaseBuilder->update()
 6 SYSTEMPATH\BaseModel.php(886): CodeIgniter\Model->doUpdate([...], [...])
 7 SYSTEMPATH\Model.php(693): CodeIgniter\BaseModel->update([...], [...])
 8 APPPATH\Controllers\Admin.php(23): CodeIgniter\Model->update('1', [...])
 9 SYSTEMPATH\CodeIgniter.php(927): App\Controllers\Admin->updatepreferences()
10 SYSTEMPATH\CodeIgniter.php(482): CodeIgniter\CodeIgniter->runController(Object(App\Controllers\Admin))
11 SYSTEMPATH\CodeIgniter.php(351): CodeIgniter\CodeIgniter->handleRequest(null, Object(Config\Cache), false)
12 FCPATH\index.php(73): CodeIgniter\CodeIgniter->run()
13 SYSTEMPATH\Commands\Server\rewrite.php(46): require_once('FCPATH\\index.php')
ERROR - 2022-12-08 14:24:29 --> Error connecting to the database: mysqli_sql_exception: Unknown database 'starter_db' in C:\Users\BadAss\Documents\WebDev\Projects\Setups\backend\buildfiles\system\Database\MySQLi\Connection.php:171
Stack trace:
#0 C:\Users\BadAss\Documents\WebDev\Projects\Setups\backend\buildfiles\system\Database\MySQLi\Connection.php(171): mysqli->real_connect('localhost', 'root', '', 'starter_db', 3306, '', 0)
#1 C:\Users\BadAss\Documents\WebDev\Projects\Setups\backend\buildfiles\system\Database\BaseConnection.php(382): CodeIgniter\Database\MySQLi\Connection->connect(false)
#2 C:\Users\BadAss\Documents\WebDev\Projects\Setups\backend\buildfiles\system\Database\BaseConnection.php(561): CodeIgniter\Database\BaseConnection->initialize()
#3 C:\Users\BadAss\Documents\WebDev\Projects\Setups\backend\buildfiles\system\Database\BaseBuilder.php(1585): CodeIgniter\Database\BaseConnection->query('SELECT *\nFROM `...', Array, false)
#4 C:\Users\BadAss\Documents\WebDev\Projects\Setups\backend\buildfiles\system\Model.php(250): CodeIgniter\Database\BaseBuilder->get()
#5 C:\Users\BadAss\Documents\WebDev\Projects\Setups\backend\buildfiles\system\BaseModel.php(623): CodeIgniter\Model->doFirst()
#6 C:\Users\BadAss\Documents\WebDev\Projects\Setups\backend\buildfiles\app\Models\AccountsModel.php(28): CodeIgniter\BaseModel->first()
#7 C:\Users\BadAss\Documents\WebDev\Projects\Setups\backend\buildfiles\app\Validation\Passwords.php(13): App\Models\AccountsModel->getAccountInformation('email', 'user1@gmail.com')
#8 C:\Users\BadAss\Documents\WebDev\Projects\Setups\backend\buildfiles\system\Validation\Validation.php(315): App\validation\Passwords->verify_password('aaaaaa', 'email, password', Array, NULL, 'password')
#9 C:\Users\BadAss\Documents\WebDev\Projects\Setups\backend\buildfiles\system\Validation\Validation.php(175): CodeIgniter\Validation\Validation->processRules('password', 'password', 'aaaaaa', Array, Array)
#10 C:\Users\BadAss\Documents\WebDev\Projects\Setups\backend\buildfiles\system\Controller.php(140): CodeIgniter\Validation\Validation->run()
#11 C:\Users\BadAss\Documents\WebDev\Projects\Setups\backend\buildfiles\app\Controllers\Auth.php(42): CodeIgniter\Controller->validate(Array)
#12 C:\Users\BadAss\Documents\WebDev\Projects\Setups\backend\buildfiles\system\CodeIgniter.php(927): App\Controllers\Auth->signin()
#13 C:\Users\BadAss\Documents\WebDev\Projects\Setups\backend\buildfiles\system\CodeIgniter.php(482): CodeIgniter\CodeIgniter->runController(Object(App\Controllers\Auth))
#14 C:\Users\BadAss\Documents\WebDev\Projects\Setups\backend\buildfiles\system\CodeIgniter.php(351): CodeIgniter\CodeIgniter->handleRequest(NULL, Object(Config\Cache), false)
#15 C:\Users\BadAss\Documents\WebDev\Projects\Setups\backend\index.php(73): CodeIgniter\CodeIgniter->run()
#16 C:\Users\BadAss\Documents\WebDev\Projects\Setups\backend\buildfiles\system\Commands\Server\rewrite.php(46): require_once('C:\\Users\\BadAss...')
#17 {main}

Next CodeIgniter\Database\Exceptions\DatabaseException: Unknown database 'starter_db' in C:\Users\BadAss\Documents\WebDev\Projects\Setups\backend\buildfiles\system\Database\MySQLi\Connection.php:215
Stack trace:
#0 C:\Users\BadAss\Documents\WebDev\Projects\Setups\backend\buildfiles\system\Database\BaseConnection.php(382): CodeIgniter\Database\MySQLi\Connection->connect(false)
#1 C:\Users\BadAss\Documents\WebDev\Projects\Setups\backend\buildfiles\system\Database\BaseConnection.php(561): CodeIgniter\Database\BaseConnection->initialize()
#2 C:\Users\BadAss\Documents\WebDev\Projects\Setups\backend\buildfiles\system\Database\BaseBuilder.php(1585): CodeIgniter\Database\BaseConnection->query('SELECT *\nFROM `...', Array, false)
#3 C:\Users\BadAss\Documents\WebDev\Projects\Setups\backend\buildfiles\system\Model.php(250): CodeIgniter\Database\BaseBuilder->get()
#4 C:\Users\BadAss\Documents\WebDev\Projects\Setups\backend\buildfiles\system\BaseModel.php(623): CodeIgniter\Model->doFirst()
#5 C:\Users\BadAss\Documents\WebDev\Projects\Setups\backend\buildfiles\app\Models\AccountsModel.php(28): CodeIgniter\BaseModel->first()
#6 C:\Users\BadAss\Documents\WebDev\Projects\Setups\backend\buildfiles\app\Validation\Passwords.php(13): App\Models\AccountsModel->getAccountInformation('email', 'user1@gmail.com')
#7 C:\Users\BadAss\Documents\WebDev\Projects\Setups\backend\buildfiles\system\Validation\Validation.php(315): App\validation\Passwords->verify_password('aaaaaa', 'email, password', Array, NULL, 'password')
#8 C:\Users\BadAss\Documents\WebDev\Projects\Setups\backend\buildfiles\system\Validation\Validation.php(175): CodeIgniter\Validation\Validation->processRules('password', 'password', 'aaaaaa', Array, Array)
#9 C:\Users\BadAss\Documents\WebDev\Projects\Setups\backend\buildfiles\system\Controller.php(140): CodeIgniter\Validation\Validation->run()
#10 C:\Users\BadAss\Documents\WebDev\Projects\Setups\backend\buildfiles\app\Controllers\Auth.php(42): CodeIgniter\Controller->validate(Array)
#11 C:\Users\BadAss\Documents\WebDev\Projects\Setups\backend\buildfiles\system\CodeIgniter.php(927): App\Controllers\Auth->signin()
#12 C:\Users\BadAss\Documents\WebDev\Projects\Setups\backend\buildfiles\system\CodeIgniter.php(482): CodeIgniter\CodeIgniter->runController(Object(App\Controllers\Auth))
#13 C:\Users\BadAss\Documents\WebDev\Projects\Setups\backend\buildfiles\system\CodeIgniter.php(351): CodeIgniter\CodeIgniter->handleRequest(NULL, Object(Config\Cache), false)
#14 C:\Users\BadAss\Documents\WebDev\Projects\Setups\backend\index.php(73): CodeIgniter\CodeIgniter->run()
#15 C:\Users\BadAss\Documents\WebDev\Projects\Setups\backend\buildfiles\system\Commands\Server\rewrite.php(46): require_once('C:\\Users\\BadAss...')
#16 {main}
CRITICAL - 2022-12-08 14:24:29 --> Unable to connect to the database.
Main connection [MySQLi]: Unknown database 'starter_db'
in SYSTEMPATH\Database\BaseConnection.php on line 418.
 1 SYSTEMPATH\Database\BaseConnection.php(561): CodeIgniter\Database\BaseConnection->initialize()
 2 SYSTEMPATH\Database\BaseBuilder.php(1585): CodeIgniter\Database\BaseConnection->query('SELECT *
FROM `accounts`
WHERE `account_email` = :account_email:
 LIMIT 1', [...], false)
 3 SYSTEMPATH\Model.php(250): CodeIgniter\Database\BaseBuilder->get()
 4 SYSTEMPATH\BaseModel.php(623): CodeIgniter\Model->doFirst()
 5 APPPATH\Models\AccountsModel.php(28): CodeIgniter\BaseModel->first()
 6 APPPATH\Validation\Passwords.php(13): App\Models\AccountsModel->getAccountInformation('email', 'user1@gmail.com')
 7 SYSTEMPATH\Validation\Validation.php(315): App\validation\Passwords->verify_password('aaaaaa', 'email, password', [...], null, 'password')
 8 SYSTEMPATH\Validation\Validation.php(175): CodeIgniter\Validation\Validation->processRules('password', 'password', 'aaaaaa', [...], [...])
 9 SYSTEMPATH\Controller.php(140): CodeIgniter\Validation\Validation->run()
10 APPPATH\Controllers\Auth.php(42): CodeIgniter\Controller->validate([...])
11 SYSTEMPATH\CodeIgniter.php(927): App\Controllers\Auth->signin()
12 SYSTEMPATH\CodeIgniter.php(482): CodeIgniter\CodeIgniter->runController(Object(App\Controllers\Auth))
13 SYSTEMPATH\CodeIgniter.php(351): CodeIgniter\CodeIgniter->handleRequest(null, Object(Config\Cache), false)
14 FCPATH\index.php(73): CodeIgniter\CodeIgniter->run()
15 SYSTEMPATH\Commands\Server\rewrite.php(46): require_once('FCPATH\\index.php')
CRITICAL - 2022-12-08 14:38:39 --> Call to undefined method CodeIgniter\HTTP\IncomingRequest::getpatch()
in APPPATH\Controllers\Admin.php on line 21.
 1 SYSTEMPATH\CodeIgniter.php(927): App\Controllers\Admin->updatepreferences()
 2 SYSTEMPATH\CodeIgniter.php(482): CodeIgniter\CodeIgniter->runController(Object(App\Controllers\Admin))
 3 SYSTEMPATH\CodeIgniter.php(351): CodeIgniter\CodeIgniter->handleRequest(null, Object(Config\Cache), false)
 4 FCPATH\index.php(73): CodeIgniter\CodeIgniter->run()
 5 SYSTEMPATH\Commands\Server\rewrite.php(46): require_once('FCPATH\\index.php')
CRITICAL - 2022-12-08 14:54:24 --> Undefined array key ""
in APPPATH\Controllers\Admin.php on line 29.
 1 APPPATH\Controllers\Admin.php(29): CodeIgniter\Debug\Exceptions->errorHandler(2, 'Undefined array key ""', 'APPPATH\\Controllers\\Admin.php', 29)
 2 SYSTEMPATH\CodeIgniter.php(927): App\Controllers\Admin->updatepreferences()
 3 SYSTEMPATH\CodeIgniter.php(482): CodeIgniter\CodeIgniter->runController(Object(App\Controllers\Admin))
 4 SYSTEMPATH\CodeIgniter.php(351): CodeIgniter\CodeIgniter->handleRequest(null, Object(Config\Cache), false)
 5 FCPATH\index.php(73): CodeIgniter\CodeIgniter->run()
 6 SYSTEMPATH\Commands\Server\rewrite.php(46): require_once('FCPATH\\index.php')
