CRITICAL - 2023-01-21 07:28:43 --> Undefined property: App\Controllers\Admin::$location
in APPPATH\Controllers\Admin.php on line 530.
 1 APPPATH\Controllers\Admin.php(530): CodeIgniter\Debug\Exceptions->errorHandler(2, 'Undefined property: App\\Controllers\\Admin::$location', 'APPPATH\\Controllers\\Admin.php', 530)
 2 SYSTEMPATH\CodeIgniter.php(927): App\Controllers\Admin->addlocation()
 3 SYSTEMPATH\CodeIgniter.php(482): CodeIgniter\CodeIgniter->runController(Object(App\Controllers\Admin))
 4 SYSTEMPATH\CodeIgniter.php(351): CodeIgniter\CodeIgniter->handleRequest(null, Object(Config\Cache), false)
 5 FCPATH\index.php(74): CodeIgniter\CodeIgniter->run()
 6 SYSTEMPATH\Commands\Server\rewrite.php(46): require_once('FCPATH\\index.php')
CRITICAL - 2023-01-21 07:30:07 --> Undefined property: App\Controllers\Admin::$location
in APPPATH\Controllers\Admin.php on line 530.
 1 APPPATH\Controllers\Admin.php(530): CodeIgniter\Debug\Exceptions->errorHandler(2, 'Undefined property: App\\Controllers\\Admin::$location', 'APPPATH\\Controllers\\Admin.php', 530)
 2 SYSTEMPATH\CodeIgniter.php(927): App\Controllers\Admin->addlocation()
 3 SYSTEMPATH\CodeIgniter.php(482): CodeIgniter\CodeIgniter->runController(Object(App\Controllers\Admin))
 4 SYSTEMPATH\CodeIgniter.php(351): CodeIgniter\CodeIgniter->handleRequest(null, Object(Config\Cache), false)
 5 FCPATH\index.php(74): CodeIgniter\CodeIgniter->run()
 6 SYSTEMPATH\Commands\Server\rewrite.php(46): require_once('FCPATH\\index.php')
CRITICAL - 2023-01-21 07:34:27 --> Undefined property: App\Controllers\Admin::$location
in APPPATH\Controllers\Admin.php on line 530.
 1 APPPATH\Controllers\Admin.php(530): CodeIgniter\Debug\Exceptions->errorHandler(2, 'Undefined property: App\\Controllers\\Admin::$location', 'APPPATH\\Controllers\\Admin.php', 530)
 2 SYSTEMPATH\CodeIgniter.php(927): App\Controllers\Admin->addlocation()
 3 SYSTEMPATH\CodeIgniter.php(482): CodeIgniter\CodeIgniter->runController(Object(App\Controllers\Admin))
 4 SYSTEMPATH\CodeIgniter.php(351): CodeIgniter\CodeIgniter->handleRequest(null, Object(Config\Cache), false)
 5 FCPATH\index.php(74): CodeIgniter\CodeIgniter->run()
 6 SYSTEMPATH\Commands\Server\rewrite.php(46): require_once('FCPATH\\index.php')
ERROR - 2023-01-21 11:50:32 --> mysqli_sql_exception: Table 'referral_med.locations' doesn't exist in C:\Users\BadAss\Documents\WebDev\Projects\Completed\ReferralMed\backend\buildfiles\system\Database\MySQLi\Connection.php:292
Stack trace:
#0 C:\Users\BadAss\Documents\WebDev\Projects\Completed\ReferralMed\backend\buildfiles\system\Database\MySQLi\Connection.php(292): mysqli->query('SELECT *\nFROM `...', 0)
#1 C:\Users\BadAss\Documents\WebDev\Projects\Completed\ReferralMed\backend\buildfiles\system\Database\BaseConnection.php(666): CodeIgniter\Database\MySQLi\Connection->execute('SELECT *\nFROM `...')
#2 C:\Users\BadAss\Documents\WebDev\Projects\Completed\ReferralMed\backend\buildfiles\system\Database\BaseConnection.php(593): CodeIgniter\Database\BaseConnection->simpleQuery('SELECT *\nFROM `...')
#3 C:\Users\BadAss\Documents\WebDev\Projects\Completed\ReferralMed\backend\buildfiles\system\Database\BaseBuilder.php(1585): CodeIgniter\Database\BaseConnection->query('SELECT *\nFROM `...', Array, false)
#4 C:\Users\BadAss\Documents\WebDev\Projects\Completed\ReferralMed\backend\buildfiles\system\Model.php(223): CodeIgniter\Database\BaseBuilder->get()
#5 C:\Users\BadAss\Documents\WebDev\Projects\Completed\ReferralMed\backend\buildfiles\system\BaseModel.php(585): CodeIgniter\Model->doFindAll(0, 0)
#6 C:\Users\BadAss\Documents\WebDev\Projects\Completed\ReferralMed\backend\buildfiles\app\Controllers\Admin.php(506): CodeIgniter\BaseModel->findAll()
#7 C:\Users\BadAss\Documents\WebDev\Projects\Completed\ReferralMed\backend\buildfiles\system\CodeIgniter.php(927): App\Controllers\Admin->getlocations()
#8 C:\Users\BadAss\Documents\WebDev\Projects\Completed\ReferralMed\backend\buildfiles\system\CodeIgniter.php(482): CodeIgniter\CodeIgniter->runController(Object(App\Controllers\Admin))
#9 C:\Users\BadAss\Documents\WebDev\Projects\Completed\ReferralMed\backend\buildfiles\system\CodeIgniter.php(351): CodeIgniter\CodeIgniter->handleRequest(NULL, Object(Config\Cache), false)
#10 C:\Users\BadAss\Documents\WebDev\Projects\Completed\ReferralMed\backend\index.php(74): CodeIgniter\CodeIgniter->run()
#11 C:\Users\BadAss\Documents\WebDev\Projects\Completed\ReferralMed\backend\buildfiles\system\Commands\Server\rewrite.php(46): require_once('C:\\Users\\BadAss...')
#12 {main}
CRITICAL - 2023-01-21 11:50:32 --> Table 'referral_med.locations' doesn't exist
in SYSTEMPATH\Database\MySQLi\Connection.php on line 292.
 1 SYSTEMPATH\Database\MySQLi\Connection.php(292): mysqli->query('SELECT *
FROM `locations`', 0)
 2 SYSTEMPATH\Database\BaseConnection.php(666): CodeIgniter\Database\MySQLi\Connection->execute('SELECT *
FROM `locations`')
 3 SYSTEMPATH\Database\BaseConnection.php(593): CodeIgniter\Database\BaseConnection->simpleQuery('SELECT *
FROM `locations`')
 4 SYSTEMPATH\Database\BaseBuilder.php(1585): CodeIgniter\Database\BaseConnection->query('SELECT *
FROM `locations`', [], false)
 5 SYSTEMPATH\Model.php(223): CodeIgniter\Database\BaseBuilder->get()
 6 SYSTEMPATH\BaseModel.php(585): CodeIgniter\Model->doFindAll(0, 0)
 7 APPPATH\Controllers\Admin.php(506): CodeIgniter\BaseModel->findAll()
 8 SYSTEMPATH\CodeIgniter.php(927): App\Controllers\Admin->getlocations()
 9 SYSTEMPATH\CodeIgniter.php(482): CodeIgniter\CodeIgniter->runController(Object(App\Controllers\Admin))
10 SYSTEMPATH\CodeIgniter.php(351): CodeIgniter\CodeIgniter->handleRequest(null, Object(Config\Cache), false)
11 FCPATH\index.php(74): CodeIgniter\CodeIgniter->run()
12 SYSTEMPATH\Commands\Server\rewrite.php(46): require_once('FCPATH\\index.php')
CRITICAL - 2023-01-21 20:58:35 --> Undefined property: App\Controllers\Admin::$hospitals
in APPPATH\Controllers\Admin.php on line 539.
 1 APPPATH\Controllers\Admin.php(539): CodeIgniter\Debug\Exceptions->errorHandler(2, 'Undefined property: App\\Controllers\\Admin::$hospitals', 'APPPATH\\Controllers\\Admin.php', 539)
 2 SYSTEMPATH\CodeIgniter.php(927): App\Controllers\Admin->gethospitals('1')
 3 SYSTEMPATH\CodeIgniter.php(482): CodeIgniter\CodeIgniter->runController(Object(App\Controllers\Admin))
 4 SYSTEMPATH\CodeIgniter.php(351): CodeIgniter\CodeIgniter->handleRequest(null, Object(Config\Cache), false)
 5 FCPATH\index.php(74): CodeIgniter\CodeIgniter->run()
 6 SYSTEMPATH\Commands\Server\rewrite.php(46): require_once('FCPATH\\index.php')
CRITICAL - 2023-01-21 21:00:03 --> Undefined property: App\Controllers\Admin::$hospitals
in APPPATH\Controllers\Admin.php on line 539.
 1 APPPATH\Controllers\Admin.php(539): CodeIgniter\Debug\Exceptions->errorHandler(2, 'Undefined property: App\\Controllers\\Admin::$hospitals', 'APPPATH\\Controllers\\Admin.php', 539)
 2 SYSTEMPATH\CodeIgniter.php(927): App\Controllers\Admin->gethospitals('1')
 3 SYSTEMPATH\CodeIgniter.php(482): CodeIgniter\CodeIgniter->runController(Object(App\Controllers\Admin))
 4 SYSTEMPATH\CodeIgniter.php(351): CodeIgniter\CodeIgniter->handleRequest(null, Object(Config\Cache), false)
 5 FCPATH\index.php(74): CodeIgniter\CodeIgniter->run()
 6 SYSTEMPATH\Commands\Server\rewrite.php(46): require_once('FCPATH\\index.php')
CRITICAL - 2023-01-21 21:00:03 --> Undefined property: App\Controllers\Admin::$hospitals
in APPPATH\Controllers\Admin.php on line 539.
 1 APPPATH\Controllers\Admin.php(539): CodeIgniter\Debug\Exceptions->errorHandler(2, 'Undefined property: App\\Controllers\\Admin::$hospitals', 'APPPATH\\Controllers\\Admin.php', 539)
 2 SYSTEMPATH\CodeIgniter.php(927): App\Controllers\Admin->gethospitals('1')
 3 SYSTEMPATH\CodeIgniter.php(482): CodeIgniter\CodeIgniter->runController(Object(App\Controllers\Admin))
 4 SYSTEMPATH\CodeIgniter.php(351): CodeIgniter\CodeIgniter->handleRequest(null, Object(Config\Cache), false)
 5 FCPATH\index.php(74): CodeIgniter\CodeIgniter->run()
 6 SYSTEMPATH\Commands\Server\rewrite.php(46): require_once('FCPATH\\index.php')
CRITICAL - 2023-01-21 21:00:18 --> Undefined property: App\Controllers\Admin::$hospitals
in APPPATH\Controllers\Admin.php on line 539.
 1 APPPATH\Controllers\Admin.php(539): CodeIgniter\Debug\Exceptions->errorHandler(2, 'Undefined property: App\\Controllers\\Admin::$hospitals', 'APPPATH\\Controllers\\Admin.php', 539)
 2 SYSTEMPATH\CodeIgniter.php(927): App\Controllers\Admin->gethospitals('1')
 3 SYSTEMPATH\CodeIgniter.php(482): CodeIgniter\CodeIgniter->runController(Object(App\Controllers\Admin))
 4 SYSTEMPATH\CodeIgniter.php(351): CodeIgniter\CodeIgniter->handleRequest(null, Object(Config\Cache), false)
 5 FCPATH\index.php(74): CodeIgniter\CodeIgniter->run()
 6 SYSTEMPATH\Commands\Server\rewrite.php(46): require_once('FCPATH\\index.php')
CRITICAL - 2023-01-21 21:00:19 --> Undefined property: App\Controllers\Admin::$hospitals
in APPPATH\Controllers\Admin.php on line 539.
 1 APPPATH\Controllers\Admin.php(539): CodeIgniter\Debug\Exceptions->errorHandler(2, 'Undefined property: App\\Controllers\\Admin::$hospitals', 'APPPATH\\Controllers\\Admin.php', 539)
 2 SYSTEMPATH\CodeIgniter.php(927): App\Controllers\Admin->gethospitals('1')
 3 SYSTEMPATH\CodeIgniter.php(482): CodeIgniter\CodeIgniter->runController(Object(App\Controllers\Admin))
 4 SYSTEMPATH\CodeIgniter.php(351): CodeIgniter\CodeIgniter->handleRequest(null, Object(Config\Cache), false)
 5 FCPATH\index.php(74): CodeIgniter\CodeIgniter->run()
 6 SYSTEMPATH\Commands\Server\rewrite.php(46): require_once('FCPATH\\index.php')
