CRITICAL - 2023-01-02 21:10:44 --> mail(): Failed to connect to mailserver at &quot;localhost&quot; port 25, verify your &quot;SMTP&quot; and &quot;smtp_port&quot; setting in php.ini or use ini_set()
in APPPATH\Controllers\Home.php on line 19.
 1 [internal function]: CodeIgniter\Debug\Exceptions->errorHandler(2, 'mail(): Failed to connect to mailserver at &quot;localhost&quot; port 25, verify your &quot;SMTP&quot; and &quot;smtp_port&quot; setting in php.ini or use ini_set()', 'APPPATH\\Controllers\\Home.php', 19)
 2 APPPATH\Controllers\Home.php(19): mail('ackonugoodness@gmail.com', 'Email Verification', 'Please enter the following code to verify your email address: ad9c566706aa7a15119ca75cf7b8dbbb', 'From: admin@reefapp.xyz
Reply-To: admin@reefapp.xyz
X-Mailer: PHP/8.1.10')
 3 SYSTEMPATH\CodeIgniter.php(927): App\Controllers\Home->index()
 4 SYSTEMPATH\CodeIgniter.php(482): CodeIgniter\CodeIgniter->runController(Object(App\Controllers\Home))
 5 SYSTEMPATH\CodeIgniter.php(351): CodeIgniter\CodeIgniter->handleRequest(null, Object(Config\Cache), false)
 6 FCPATH\index.php(74): CodeIgniter\CodeIgniter->run()
 7 SYSTEMPATH\Commands\Server\rewrite.php(46): require_once('FCPATH\\index.php')
ERROR - 2023-01-02 21:13:11 --> Email: Unable to send email using SMTP. Your server might not be configured to send mail using this method.
ERROR - 2023-01-02 21:13:11 --> 220 SG ESMTP service ready at geopod-ismtpd-3-0

hello: 250-smtp.sendgrid.net
250-8BITMIME
250-PIPELINING
250-SIZE 31457280
250-STARTTLS
250-AUTH PLAIN LOGIN
250 AUTH=PLAIN LOGIN

starttls: 220 Begin TLS negotiation now

hello: 250-smtp.sendgrid.net
250-8BITMIME
250-PIPELINING
250-SIZE 31457280
250-STARTTLS
250-AUTH PLAIN LOGIN
250 AUTH=PLAIN LOGIN

Failed to authenticate password. Error: 535 Authentication failed: Bad username / password

ERROR - 2023-01-02 21:23:55 --> Email: Unable to send email using SMTP. Your server might not be configured to send mail using this method.
ERROR - 2023-01-02 21:23:55 --> 220 SG ESMTP service ready at geopod-ismtpd-6-1

hello: 250-smtp.sendgrid.net
250-8BITMIME
250-PIPELINING
250-SIZE 31457280
250-STARTTLS
250-AUTH PLAIN LOGIN
250 AUTH=PLAIN LOGIN

starttls: 220 Begin TLS negotiation now

hello: 250-smtp.sendgrid.net
250-8BITMIME
250-PIPELINING
250-SIZE 31457280
250-STARTTLS
250-AUTH PLAIN LOGIN
250 AUTH=PLAIN LOGIN

Failed to authenticate password. Error: 535 Authentication failed: Bad username / password

