ERROR - 2023-01-28 02:57:33 --> Email: sendWithSmtp throwed ErrorException: fsockopen(): php_network_getaddresses: getaddrinfo for reefapp.xyz failed: No such host is known.  in C:\Users\BadAss\Documents\WebDev\Projects\Completed\ReferralMed\backend\buildfiles\system\Email\Email.php:1863
Stack trace:
#0 [internal function]: CodeIgniter\Debug\Exceptions->errorHandler(2, 'fsockopen(): ph...', 'C:\\Users\\BadAss...', 1863)
#1 C:\Users\BadAss\Documents\WebDev\Projects\Completed\ReferralMed\backend\buildfiles\system\Email\Email.php(1863): fsockopen('tls://reefapp.x...', 465, NULL, NULL, 60)
#2 C:\Users\BadAss\Documents\WebDev\Projects\Completed\ReferralMed\backend\buildfiles\system\Email\Email.php(1777): CodeIgniter\Email\Email->SMTPConnect()
#3 C:\Users\BadAss\Documents\WebDev\Projects\Completed\ReferralMed\backend\buildfiles\system\Email\Email.php(1662): CodeIgniter\Email\Email->sendWithSmtp()
#4 C:\Users\BadAss\Documents\WebDev\Projects\Completed\ReferralMed\backend\buildfiles\system\Email\Email.php(1560): CodeIgniter\Email\Email->spoolEmail()
#5 C:\Users\BadAss\Documents\WebDev\Projects\Completed\ReferralMed\backend\buildfiles\app\Controllers\Admin.php(408): CodeIgniter\Email\Email->send()
#6 C:\Users\BadAss\Documents\WebDev\Projects\Completed\ReferralMed\backend\buildfiles\system\CodeIgniter.php(927): App\Controllers\Admin->addcenter()
#7 C:\Users\BadAss\Documents\WebDev\Projects\Completed\ReferralMed\backend\buildfiles\system\CodeIgniter.php(482): CodeIgniter\CodeIgniter->runController(Object(App\Controllers\Admin))
#8 C:\Users\BadAss\Documents\WebDev\Projects\Completed\ReferralMed\backend\buildfiles\system\CodeIgniter.php(351): CodeIgniter\CodeIgniter->handleRequest(NULL, Object(Config\Cache), false)
#9 C:\Users\BadAss\Documents\WebDev\Projects\Completed\ReferralMed\backend\index.php(74): CodeIgniter\CodeIgniter->run()
#10 C:\Users\BadAss\Documents\WebDev\Projects\Completed\ReferralMed\backend\buildfiles\system\Commands\Server\rewrite.php(46): require_once('C:\\Users\\BadAss...')
#11 {main}
ERROR - 2023-01-28 02:57:33 --> Email: Unable to send email using SMTP. Your server might not be configured to send mail using this method.
ERROR - 2023-01-28 02:57:33 --> 
CRITICAL - 2023-01-28 03:42:17 --> Attempt to read property "user_id" on null
in APPPATH\Controllers\Admin.php on line 605.
 1 APPPATH\Controllers\Admin.php(605): CodeIgniter\Debug\Exceptions->errorHandler(2, 'Attempt to read property "user_id" on null', 'APPPATH\\Controllers\\Admin.php', 605)
 2 APPPATH\Controllers\Admin.php(85): App\Controllers\Admin->getcenteradminid('2')
 3 SYSTEMPATH\CodeIgniter.php(927): App\Controllers\Admin->sendreferral('2', '2')
 4 SYSTEMPATH\CodeIgniter.php(482): CodeIgniter\CodeIgniter->runController(Object(App\Controllers\Admin))
 5 SYSTEMPATH\CodeIgniter.php(351): CodeIgniter\CodeIgniter->handleRequest(null, Object(Config\Cache), false)
 6 FCPATH\index.php(74): CodeIgniter\CodeIgniter->run()
 7 SYSTEMPATH\Commands\Server\rewrite.php(46): require_once('FCPATH\\index.php')
CRITICAL - 2023-01-28 03:42:38 --> Attempt to read property "user_id" on null
in APPPATH\Controllers\Admin.php on line 605.
 1 APPPATH\Controllers\Admin.php(605): CodeIgniter\Debug\Exceptions->errorHandler(2, 'Attempt to read property "user_id" on null', 'APPPATH\\Controllers\\Admin.php', 605)
 2 APPPATH\Controllers\Admin.php(85): App\Controllers\Admin->getcenteradminid('2')
 3 SYSTEMPATH\CodeIgniter.php(927): App\Controllers\Admin->sendreferral('2', '2')
 4 SYSTEMPATH\CodeIgniter.php(482): CodeIgniter\CodeIgniter->runController(Object(App\Controllers\Admin))
 5 SYSTEMPATH\CodeIgniter.php(351): CodeIgniter\CodeIgniter->handleRequest(null, Object(Config\Cache), false)
 6 FCPATH\index.php(74): CodeIgniter\CodeIgniter->run()
 7 SYSTEMPATH\Commands\Server\rewrite.php(46): require_once('FCPATH\\index.php')
CRITICAL - 2023-01-28 04:05:53 --> Attempt to read property "user_id" on null
in APPPATH\Controllers\Admin.php on line 603.
 1 APPPATH\Controllers\Admin.php(603): CodeIgniter\Debug\Exceptions->errorHandler(2, 'Attempt to read property "user_id" on null', 'APPPATH\\Controllers\\Admin.php', 603)
 2 APPPATH\Controllers\Admin.php(139): App\Controllers\Admin->getcenteradminid(2)
 3 SYSTEMPATH\CodeIgniter.php(927): App\Controllers\Admin->procedurecomplete('2')
 4 SYSTEMPATH\CodeIgniter.php(482): CodeIgniter\CodeIgniter->runController(Object(App\Controllers\Admin))
 5 SYSTEMPATH\CodeIgniter.php(351): CodeIgniter\CodeIgniter->handleRequest(null, Object(Config\Cache), false)
 6 FCPATH\index.php(74): CodeIgniter\CodeIgniter->run()
 7 SYSTEMPATH\Commands\Server\rewrite.php(46): require_once('FCPATH\\index.php')
